#
# A fatal error has been detected by the Java Runtime Environment:
#
#  EXCEPTION_ACCESS_VIOLATION (0xc0000005) at pc=0x00007ffbaf081973, pid=14956, tid=23060
#
# JRE version: Java(TM) SE Runtime Environment (16.0.2+7) (build 16.0.2+7-67)
# Java VM: Java HotSpot(TM) 64-Bit Server VM (16.0.2+7-67, mixed mode, sharing, tiered, compressed oops, compressed class ptrs, g1 gc, windows-amd64)
# Problematic frame:
# C  0x00007ffbaf081973
#
# No core dump will be written. Minidumps are not enabled by default on client versions of Windows
#
# If you would like to submit a bug report, please visit:
#   https://bugreport.java.com/bugreport/crash.jsp
# The crash happened outside the Java Virtual Machine in native code.
# See problematic frame for where to report the bug.
#

---------------  S U M M A R Y ------------

Command Line: -Dprism.allowhidpi=false -Dsun.awt.noerasebackground=true -Dsun.java2d.uiScale=1.0 --add-modules=javafx.controls,javafx.fxml,javafx.graphics,javafx.media,javafx.swing -Xverify:none --add-modules=javafx.media --add-modules=javafx.fxml --add-modules=javafx.swing --add-modules=javafx.graphics --add-exports=java.desktop/sun.awt=javafx.swing --add-exports=javafx.base/com.sun.javafx=ALL-UNNAMED --add-exports=javafx.base/com.sun.javafx.binding=ALL-UNNAMED --add-exports=javafx.base/com.sun.javafx.collections=ALL-UNNAMED --add-exports=javafx.base/com.sun.javafx.event=ALL-UNNAMED --add-exports=javafx.base/com.sun.javafx.logging=ALL-UNNAMED --add-exports=javafx.graphics/com.sun.javafx.application=ALL-UNNAMED --add-exports=javafx.graphics/com.sun.javafx.geom=ALL-UNNAMED --add-exports=javafx.graphics/com.sun.javafx.scene=ALL-UNNAMED --add-exports=javafx.graphics/com.sun.javafx.scene.layout=ALL-UNNAMED --add-exports=javafx.graphics/com.sun.javafx.scene.input=ALL-UNNAMED --add-exports=javafx.graphics/com.sun.javafx.scene.text=ALL-UNNAMED --add-exports=javafx.graphics/com.sun.javafx.scene.traversal=ALL-UNNAMED --add-exports=javafx.graphics/com.sun.javafx.stage=ALL-UNNAMED --add-exports=javafx.graphics/com.sun.javafx.tk=ALL-UNNAMED --add-exports=javafx.graphics/com.sun.javafx.util=ALL-UNNAMED --add-exports=javafx.controls/com.sun.javafx.scene.control=ALL-UNNAMED --add-exports=javafx.controls/com.sun.javafx.scene.control.behavior=ALL-UNNAMED --add-opens=javafx.graphics/javafx.css=ALL-UNNAMED --illegal-access=permit --module-path=C:\Users\dabal\.gradle\caches\modules-2\files-2.1\org.openjfx\javafx-media\16\6d776658906fc25051734bc6b03f214cc72c808e\javafx-media-16-win.jar;C:\Users\dabal\.gradle\caches\modules-2\files-2.1\org.openjfx\javafx-fxml\16\369f646fc29d2223cc98cfc3c059f2409b3e8fcb\javafx-fxml-16-win.jar;C:\Users\dabal\.gradle\caches\modules-2\files-2.1\org.openjfx\javafx-controls\16\65cdeae29c67d25932dcc66ca4f7d269923631ba\javafx-controls-16-win.jar;C:\Users\dabal\.gradle\caches\modules-2\files-2.1\org.openjfx\javafx-swing\16\a7fea813dbe22b235a6350f0ce419d72877236ae\javafx-swing-16-win.jar;C:\Users\dabal\.gradle\caches\modules-2\files-2.1\org.openjfx\javafx-graphics\16\cd18f8477818b40cfdbcfec7e2fc15f632f0a2f\javafx-graphics-16-win.jar;C:\Users\dabal\.gradle\caches\modules-2\files-2.1\org.openjfx\javafx-base\16\e0564fea3f27dd3a10fa62e5005612333fc244bc\javafx-base-16-win.jar -Xmx512m -Dfile.encoding=windows-1252 -Duser.country=US -Duser.language=en -Duser.variant -ea meteor.MeteorLiteClientLauncher

Host: Intel(R) Core(TM) i5-7300U CPU @ 2.60GHz, 4 cores, 7G,  Windows 10 , 64 bit Build 22458 (10.0.22458.1000)
Time: Wed Sep 29 21:54:55 2021 Central Daylight Time elapsed time: 56.754533 seconds (0d 0h 0m 56s)

---------------  T H R E A D  ---------------

Current thread (0x0000026f6cd8dc00):  JavaThread "Client" daemon [_thread_in_native, id=23060, stack(0x000000e6b0d00000,0x000000e6b0e00000)]

Stack: [0x000000e6b0d00000,0x000000e6b0e00000],  sp=0x000000e6b0dfe148,  free space=1016k
Native frames: (J=compiled Java code, j=interpreted, Vv=VM code, C=native code)
C  0x00007ffbaf081973

Java frames: (J=compiled Java code, j=interpreted, Vv=VM code)
J 9759  jogamp.opengl.gl4.GL4bcImpl.dispatch_glBlitFramebuffer1(IIIIIIIIIIJ)V (0 bytes) @ 0x0000026f615899b3 [0x0000026f61589920+0x0000000000000093]
J 9650 c1 jogamp.opengl.gl4.GL4bcImpl.glBlitFramebuffer(IIIIIIIIII)V (63 bytes) @ 0x0000026f5a36e16c [0x0000026f5a36d920+0x000000000000084c]
J 10260 c1 meteor.plugins.gpu.GpuPlugin.drawFrame(I)V (1797 bytes) @ 0x0000026f5af87e9c [0x0000026f5af83bc0+0x00000000000042dc]
J 9718 c1 meteor.plugins.gpu.GpuPlugin$$Lambda$1809+0x00000008013355f8.run()V (12 bytes) @ 0x0000026f5aa0617c [0x0000026f5aa060c0+0x00000000000000bc]
J 9670 c1 meteor.plugins.gpu.GpuPlugin.draw(I)V (11 bytes) @ 0x0000026f59ebadf4 [0x0000026f59eba8a0+0x0000000000000554]
J 9580 c1 osrs.GameEngine.post(Ljava/lang/Object;)V (65 bytes) @ 0x0000026f5a46174c [0x0000026f5a4614e0+0x000000000000026c]
j  osrs.GameEngine.run()V+339
j  java.lang.Thread.run()V+11 java.base@16.0.2
v  ~StubRoutines::call_stub

siginfo: EXCEPTION_ACCESS_VIOLATION (0xc0000005), reading address 0x00007ffeef295e20


Register to memory mapping:

RIP=0x00007ffbaf081973 points into unknown readable memory: 8b 84 19 54 1e
RAX=0x000000000fff0fff is an unknown value
RBX=0x00007ffbae6c0000 points into unknown readable memory: 0x0000000300905a4d | 4d 5a 90 00 03 00 00 00
RCX=0x000000033fcf3fcc is an unknown value
RDX=0x000000e6b0dfe660 is pointing into the stack for thread: 0x0000026f6cd8dc00
RSP=0x000000e6b0dfe148 is pointing into the stack for thread: 0x0000026f6cd8dc00
RBP=0x000000e6b0dfe250 is pointing into the stack for thread: 0x0000026f6cd8dc00
RSI=0x0000026f0056d040 points into unknown readable memory: 0x0000026f7852b8c0 | c0 b8 52 78 6f 02 00 00
RDI=0x000000e6b0dfe450 is pointing into the stack for thread: 0x0000026f6cd8dc00
R8 =0x000000e6b0dfe280 is pointing into the stack for thread: 0x0000026f6cd8dc00
R9 =0x000000e6b0dfe660 is pointing into the stack for thread: 0x0000026f6cd8dc00
R10=0x000000e6b0dfe450 is pointing into the stack for thread: 0x0000026f6cd8dc00
R11=0x0 is NULL
R12=0x00007ffbaf4e62f0 points into unknown readable memory: 0x0000000100000000 | 00 00 00 00 01 00 00 00
R13=0x0 is NULL
R14=0x0 is NULL
R15=0x00000000000001c1 is an unknown value


Registers:
RAX=0x000000000fff0fff, RBX=0x00007ffbae6c0000, RCX=0x000000033fcf3fcc, RDX=0x000000e6b0dfe660
RSP=0x000000e6b0dfe148, RBP=0x000000e6b0dfe250, RSI=0x0000026f0056d040, RDI=0x000000e6b0dfe450
R8 =0x000000e6b0dfe280, R9 =0x000000e6b0dfe660, R10=0x000000e6b0dfe450, R11=0x0000000000000000
R12=0x00007ffbaf4e62f0, R13=0x0000000000000000, R14=0x0000000000000000, R15=0x00000000000001c1
RIP=0x00007ffbaf081973, EFLAGS=0x0000000000010206

Top of Stack: (sp=0x000000e6b0dfe148)
0x000000e6b0dfe148:   00007ffbaf07f0ab 0000000000000001
0x000000e6b0dfe158:   0000000000000000 0000026f7e839c00
0x000000e6b0dfe168:   00007ffbef962572 000000e600000065
0x000000e6b0dfe178:   000000e6b0dfe380 0000000000000000
0x000000e6b0dfe188:   0000026f7aa6b3c0 0000000000000000
0x000000e6b0dfe198:   0000026f0083d740 0000026f7e839c60
0x000000e6b0dfe1a8:   0000000000000fb0 0000000000000000
0x000000e6b0dfe1b8:   0000000000000000 000000e6b0dfe330
0x000000e6b0dfe1c8:   00007ffbaed16bb0 0000000000000000
0x000000e6b0dfe1d8:   0000000000000000 0000000000000000
0x000000e6b0dfe1e8:   0000000000000000 0000c592cc01e3d3
0x000000e6b0dfe1f8:   00007ffbae6d6145 0000026f7a7f6480
0x000000e6b0dfe208:   0000000000000001 0000000000000300
0x000000e6b0dfe218:   0000000000000000 0000000000000000
0x000000e6b0dfe228:   00007ffbfe129b4d 00000000031b0099
0x000000e6b0dfe238:   0000000000000050 0000026f7b39f040 

Instructions: (pc=0x00007ffbaf081973)
0x00007ffbaf081873:   49 a9 30 00 48 89 51 08 48 89 01 8b 44 24 28 89
0x00007ffbaf081883:   41 20 8b 44 24 30 89 41 24 48 8b c1 4c 89 41 10
0x00007ffbaf081893:   4c 89 49 18 c3 cc cc cc cc cc cc cc cc 48 89 5c
0x00007ffbaf0818a3:   24 08 8b 41 5c 48 8d 1d 51 e7 63 ff 41 89 40 08
0x00007ffbaf0818b3:   4c 8b d1 8b 41 60 45 33 db 41 89 40 0c 4c 8b ca
0x00007ffbaf0818c3:   8b 41 64 41 89 40 10 8b 41 68 41 89 40 14 8b 41
0x00007ffbaf0818d3:   6c 41 89 40 18 8b 41 70 41 89 40 1c 48 63 41 74
0x00007ffbaf0818e3:   48 6b c8 34 8b 84 19 54 1e ee 00 41 89 40 20 8b
0x00007ffbaf0818f3:   84 19 58 1e ee 00 41 89 40 24 8b 84 19 5c 1e ee
0x00007ffbaf081903:   00 41 89 40 28 8b 84 19 60 1e ee 00 41 89 40 2c
0x00007ffbaf081913:   8b 84 19 44 1e ee 00 41 89 40 30 8b 84 19 48 1e
0x00007ffbaf081923:   ee 00 41 89 40 34 8b 84 19 4c 1e ee 00 41 89 40
0x00007ffbaf081933:   38 8b 84 19 50 1e ee 00 41 89 40 3c 8b 84 19 34
0x00007ffbaf081943:   1e ee 00 41 89 40 40 8b 84 19 38 1e ee 00 41 89
0x00007ffbaf081953:   40 44 8b 84 19 3c 1e ee 00 41 89 40 48 8b 84 19
0x00007ffbaf081963:   40 1e ee 00 41 89 40 4c 49 63 42 78 48 6b c8 34
0x00007ffbaf081973:   8b 84 19 54 1e ee 00 41 89 40 50 8b 84 19 58 1e
0x00007ffbaf081983:   ee 00 41 89 40 54 8b 84 19 5c 1e ee 00 41 89 40
0x00007ffbaf081993:   58 8b 84 19 60 1e ee 00 41 89 40 5c 8b 84 19 44
0x00007ffbaf0819a3:   1e ee 00 41 89 40 60 8b 84 19 48 1e ee 00 41 89
0x00007ffbaf0819b3:   40 64 8b 84 19 4c 1e ee 00 41 89 40 68 8b 84 19
0x00007ffbaf0819c3:   50 1e ee 00 41 89 40 6c 8b 84 19 34 1e ee 00 41
0x00007ffbaf0819d3:   89 40 70 8b 84 19 38 1e ee 00 41 89 40 74 8b 84
0x00007ffbaf0819e3:   19 3c 1e ee 00 41 89 40 78 8b 84 19 40 1e ee 00
0x00007ffbaf0819f3:   41 89 40 7c 48 8b 42 18 8b 88 38 0b 00 00 f6 c1
0x00007ffbaf081a03:   08 0f 84 86 00 00 00 8b 80 3c 0b 00 00 41 89 80
0x00007ffbaf081a13:   80 00 00 00 48 8b 42 18 8b 88 40 0b 00 00 41 89
0x00007ffbaf081a23:   88 84 00 00 00 48 8b 42 18 8b 88 44 0b 00 00 41
0x00007ffbaf081a33:   89 88 88 00 00 00 48 8b 42 18 8b 88 48 0b 00 00
0x00007ffbaf081a43:   41 89 88 8c 00 00 00 48 8b 42 18 8b 88 4c 0b 00
0x00007ffbaf081a53:   00 41 89 88 90 00 00 00 48 8b 42 18 8b 88 50 0b
0x00007ffbaf081a63:   00 00 41 89 88 94 00 00 00 48 8b 42 18 8b 88 54 


Stack slot to memory mapping:
stack at sp + 0 slots: 0x00007ffbaf07f0ab points into unknown readable memory: c7 47 2c 04 00
stack at sp + 1 slots: 0x0000000000000001 is an unknown value
stack at sp + 2 slots: 0x0 is NULL
stack at sp + 3 slots: 0x0000026f7e839c00 points into unknown readable memory: 0x0000000000000000 | 00 00 00 00 00 00 00 00
stack at sp + 4 slots: 0x00007ffbef962572 igdgmm64.dll
stack at sp + 5 slots: 0x000000e600000065 is an unknown value
stack at sp + 6 slots: 0x000000e6b0dfe380 is pointing into the stack for thread: 0x0000026f6cd8dc00
stack at sp + 7 slots: 0x0 is NULL


---------------  P R O C E S S  ---------------

Threads class SMR info:
_java_thread_list=0x0000026f00492b90, length=41, elements={
0x0000026f5209ead0, 0x0000026f6bf8e280, 0x0000026f6bf8f050, 0x0000026f6bfa5450,
0x0000026f6bfa8d80, 0x0000026f6bfaa6a0, 0x0000026f6bfaafb0, 0x0000026f6bfadc00,
0x0000026f6bfb1b00, 0x0000026f6bfd6450, 0x0000026f6bf71380, 0x0000026f6d25b360,
0x0000026f6d751360, 0x0000026f6d6b7a30, 0x0000026f6d956640, 0x0000026f6d966c50,
0x0000026f6def0050, 0x0000026f6def2030, 0x0000026f6def2580, 0x0000026f6deefb00,
0x0000026f6def05a0, 0x0000026f6def1590, 0x0000026f6def1ae0, 0x0000026f6cd8cc10,
0x0000026f6cd8bc20, 0x0000026f6cd91120, 0x0000026f6cd8f690, 0x0000026f6cd8d6b0,
0x0000026f6cd8d160, 0x0000026f6cd8dc00, 0x0000026f6cd8b180, 0x0000026f6cd91bc0,
0x0000026f6cd90680, 0x0000026f7810da90, 0x0000026f7810a020, 0x0000026f7810b560,
0x0000026f781065b0, 0x0000026f7810c550, 0x0000026f7810aac0, 0x0000026f7a77a530,
0x0000026f7a774040
}

Java Threads: ( => current thread )
  0x0000026f5209ead0 JavaThread "main" [_thread_blocked, id=16860, stack(0x000000e6ad800000,0x000000e6ad900000)]
  0x0000026f6bf8e280 JavaThread "Reference Handler" daemon [_thread_blocked, id=21552, stack(0x000000e6adf00000,0x000000e6ae000000)]
  0x0000026f6bf8f050 JavaThread "Finalizer" daemon [_thread_blocked, id=22564, stack(0x000000e6ae000000,0x000000e6ae100000)]
  0x0000026f6bfa5450 JavaThread "Signal Dispatcher" daemon [_thread_blocked, id=8240, stack(0x000000e6ae100000,0x000000e6ae200000)]
  0x0000026f6bfa8d80 JavaThread "Attach Listener" daemon [_thread_blocked, id=18660, stack(0x000000e6ae200000,0x000000e6ae300000)]
  0x0000026f6bfaa6a0 JavaThread "Service Thread" daemon [_thread_blocked, id=15192, stack(0x000000e6ae300000,0x000000e6ae400000)]
  0x0000026f6bfaafb0 JavaThread "Monitor Deflation Thread" daemon [_thread_blocked, id=11656, stack(0x000000e6ae400000,0x000000e6ae500000)]
  0x0000026f6bfadc00 JavaThread "C2 CompilerThread0" daemon [_thread_blocked, id=21740, stack(0x000000e6ae500000,0x000000e6ae600000)]
  0x0000026f6bfb1b00 JavaThread "C1 CompilerThread0" daemon [_thread_blocked, id=22692, stack(0x000000e6ae600000,0x000000e6ae700000)]
  0x0000026f6bfd6450 JavaThread "Sweeper thread" daemon [_thread_blocked, id=23720, stack(0x000000e6ae700000,0x000000e6ae800000)]
  0x0000026f6bf71380 JavaThread "Common-Cleaner" daemon [_thread_blocked, id=18524, stack(0x000000e6ae800000,0x000000e6ae900000)]
  0x0000026f6d25b360 JavaThread "Notification Thread" daemon [_thread_blocked, id=22288, stack(0x000000e6aea00000,0x000000e6aeb00000)]
  0x0000026f6d751360 JavaThread "InvokeLaterDispatcher" daemon [_thread_blocked, id=13504, stack(0x000000e6af000000,0x000000e6af100000)]
  0x0000026f6d6b7a30 JavaThread "JavaFX Application Thread" [_thread_in_native, id=19248, stack(0x000000e6af100000,0x000000e6af200000)]
  0x0000026f6d956640 JavaThread "JavaFX-Launcher" [_thread_blocked, id=22588, stack(0x000000e6af600000,0x000000e6af700000)]
  0x0000026f6d966c50 JavaThread "Thread-2" daemon [_thread_in_native, id=23120, stack(0x000000e6af500000,0x000000e6af600000)]
  0x0000026f6def0050 JavaThread "pool-3-thread-1" [_thread_blocked, id=19024, stack(0x000000e6af700000,0x000000e6af800000)]
  0x0000026f6def2030 JavaThread "Java2D Disposer" daemon [_thread_blocked, id=12792, stack(0x000000e6af800000,0x000000e6af900000)]
  0x0000026f6def2580 JavaThread "pool-2-thread-1" [_thread_blocked, id=18672, stack(0x000000e6afb00000,0x000000e6afc00000)]
  0x0000026f6deefb00 JavaThread "OkHttp ConnectionPool" daemon [_thread_blocked, id=25176, stack(0x000000e6afd00000,0x000000e6afe00000)]
  0x0000026f6def05a0 JavaThread "Okio Watchdog" daemon [_thread_blocked, id=22644, stack(0x000000e6afe00000,0x000000e6aff00000)]
  0x0000026f6def1590 JavaThread "Prism Font Disposer" daemon [_thread_blocked, id=11020, stack(0x000000e6b0000000,0x000000e6b0100000)]
  0x0000026f6def1ae0 JavaThread "OkHttp ConnectionPool" daemon [_thread_blocked, id=13304, stack(0x000000e6af900000,0x000000e6afa00000)]
  0x0000026f6cd8cc10 JavaThread "com.owain.chintasks.TaskExecutor-2" [_thread_blocked, id=24264, stack(0x000000e6b0100000,0x000000e6b0200000)]
  0x0000026f6cd8bc20 JavaThread "RxCachedWorkerPoolEvictor-1" daemon [_thread_blocked, id=15668, stack(0x000000e6b0200000,0x000000e6b0300000)]
  0x0000026f6cd91120 JavaThread "RxComputationThreadPool-1" daemon [_thread_blocked, id=15980, stack(0x000000e6b0300000,0x000000e6b0400000)]
  0x0000026f6cd8f690 JavaThread "AWT-Shutdown" [_thread_blocked, id=5768, stack(0x000000e6b0600000,0x000000e6b0700000)]
  0x0000026f6cd8d6b0 JavaThread "AWT-EventQueue-0" [_thread_blocked, id=23988, stack(0x000000e6b0700000,0x000000e6b0800000)]
  0x0000026f6cd8d160 JavaThread "Thread-5" daemon [_thread_blocked, id=19216, stack(0x000000e6b0c00000,0x000000e6b0d00000)]
=>0x0000026f6cd8dc00 JavaThread "Client" daemon [_thread_in_native, id=23060, stack(0x000000e6b0d00000,0x000000e6b0e00000)]
  0x0000026f6cd8b180 JavaThread "Thread-7" daemon [_thread_blocked, id=21532, stack(0x000000e6b1100000,0x000000e6b1200000)]
  0x0000026f6cd91bc0 JavaThread "Cleaner-0" daemon [_thread_blocked, id=11184, stack(0x000000e6b1200000,0x000000e6b1300000)]
  0x0000026f6cd90680 JavaThread "Client-SharedResourceRunner" daemon [_thread_in_native, id=19052, stack(0x000000e6b1900000,0x000000e6b1a00000)]
  0x0000026f7810da90 JavaThread "Thread-10" daemon [_thread_in_native, id=7900, stack(0x000000e6b0900000,0x000000e6b0a00000)]
  0x0000026f7810a020 JavaThread "Thread-11" daemon [_thread_blocked, id=8256, stack(0x000000e6b0a00000,0x000000e6b0b00000)]
  0x0000026f7810b560 JavaThread "Thread-12" daemon [_thread_blocked, id=15732, stack(0x000000e6b0b00000,0x000000e6b0c00000)]
  0x0000026f781065b0 JavaThread "Java Sound Event Dispatcher" daemon [_thread_blocked, id=18260, stack(0x000000e6b1f00000,0x000000e6b2000000)]
  0x0000026f7810c550 JavaThread "pool-8-thread-1" [_thread_blocked, id=22576, stack(0x000000e6b2200000,0x000000e6b2300000)]
  0x0000026f7810aac0 JavaThread "Thread-13" daemon [_thread_blocked, id=16236, stack(0x000000e6b2400000,0x000000e6b2500000)]
  0x0000026f7a77a530 JavaThread "MeteorLite Shutdown" [_thread_blocked, id=11044, stack(0x000000e6b1c00000,0x000000e6b1d00000)]
  0x0000026f7a774040 JavaThread "NativeWindowFactory_ShutdownHook" daemon [_thread_blocked, id=6940, stack(0x000000e6b2600000,0x000000e6b2700000)]

Other Threads:
  0x0000026f6bf8daa0 VMThread "VM Thread" [stack: 0x000000e6ade00000,0x000000e6adf00000] [id=17260]
  0x0000026f6cc8e3a0 WatcherThread [stack: 0x000000e6aeb00000,0x000000e6aec00000] [id=8252]
  0x0000026f520c5830 GCTaskThread "GC Thread#0" [stack: 0x000000e6ad900000,0x000000e6ada00000] [id=15972]
  0x0000026f6d2d42c0 GCTaskThread "GC Thread#1" [stack: 0x000000e6aec00000,0x000000e6aed00000] [id=19376]
  0x0000026f6cfcace0 GCTaskThread "GC Thread#2" [stack: 0x000000e6aed00000,0x000000e6aee00000] [id=5192]
  0x0000026f6d88e100 GCTaskThread "GC Thread#3" [stack: 0x000000e6aee00000,0x000000e6aef00000] [id=3940]
  0x0000026f520ca8d0 ConcurrentGCThread "G1 Main Marker" [stack: 0x000000e6ada00000,0x000000e6adb00000] [id=26092]
  0x0000026f520cb9f0 ConcurrentGCThread "G1 Conc#0" [stack: 0x000000e6adb00000,0x000000e6adc00000] [id=15660]
  0x0000026f52143140 ConcurrentGCThread "G1 Refine#0" [stack: 0x000000e6adc00000,0x000000e6add00000] [id=15348]
  0x0000026f6d3e0c50 ConcurrentGCThread "G1 Refine#1" [stack: 0x000000e6b0400000,0x000000e6b0500000] [id=8440]
  0x0000026f74fdcae0 ConcurrentGCThread "G1 Refine#2" [stack: 0x000000e6b0500000,0x000000e6b0600000] [id=19836]
  0x0000026f7ab21c80 ConcurrentGCThread "G1 Refine#3" [stack: 0x000000e6b1700000,0x000000e6b1800000] [id=25420]
  0x0000026f52144ae0 ConcurrentGCThread "G1 Service" [stack: 0x000000e6add00000,0x000000e6ade00000] [id=8560]

Threads with active compile tasks:

VM state: not at safepoint (normal execution)

VM Mutex/Monitor currently owned by a thread: None

Heap address: 0x00000000e0000000, size: 512 MB, Compressed Oops mode: 32-bit

CDS archive(s) mapped at: [0x0000000800000000-0x0000000800bb0000-0x0000000800bb0000), size 12255232, SharedBaseAddress: 0x0000000800000000, ArchiveRelocationMode: 0.
Compressed class space mapped at: 0x0000000800c00000-0x0000000840c00000, reserved size: 1073741824
Narrow klass base: 0x0000000800000000, Narrow klass shift: 3, Narrow klass range: 0x100000000

GC Precious Log:
 CPUs: 4 total, 4 available
 Memory: 8109M
 Large Page Support: Disabled
 NUMA Support: Disabled
 Compressed Oops: Enabled (32-bit)
 Heap Region Size: 1M
 Heap Min Capacity: 8M
 Heap Initial Capacity: 128M
 Heap Max Capacity: 512M
 Pre-touch: Disabled
 Parallel Workers: 4
 Concurrent Workers: 1
 Concurrent Refinement Workers: 4
 Periodic GC: Disabled

Heap:
 garbage-first heap   total 247808K, used 160000K [0x00000000e0000000, 0x0000000100000000)
  region size 1024K, 22 young (22528K), 6 survivors (6144K)
 Metaspace       used 66672K, committed 67072K, reserved 1114112K
  class space    used 7364K, committed 7552K, reserved 1048576K

Heap Regions: E=young(eden), S=young(survivor), O=old, HS=humongous(starts), HC=humongous(continues), CS=collection set, F=free, OA=open archive, CA=closed archive, TAMS=top-at-mark-start (previous, next)
|   0|0x00000000e0000000, 0x00000000e0100000, 0x00000000e0100000|100%| O|  |TAMS 0x00000000e0100000, 0x00000000e0000000| Untracked 
|   1|0x00000000e0100000, 0x00000000e0200000, 0x00000000e0200000|100%|HS|  |TAMS 0x00000000e0200000, 0x00000000e0100000| Complete 
|   2|0x00000000e0200000, 0x00000000e0300000, 0x00000000e0300000|100%|HC|  |TAMS 0x00000000e0300000, 0x00000000e0200000| Complete 
|   3|0x00000000e0300000, 0x00000000e0400000, 0x00000000e0400000|100%|HC|  |TAMS 0x00000000e0400000, 0x00000000e0300000| Complete 
|   4|0x00000000e0400000, 0x00000000e0500000, 0x00000000e0500000|100%|HC|  |TAMS 0x00000000e0500000, 0x00000000e0400000| Complete 
|   5|0x00000000e0500000, 0x00000000e0600000, 0x00000000e0600000|100%|HC|  |TAMS 0x00000000e0600000, 0x00000000e0500000| Complete 
|   6|0x00000000e0600000, 0x00000000e0700000, 0x00000000e0700000|100%| O|  |TAMS 0x00000000e0700000, 0x00000000e0600000| Untracked 
|   7|0x00000000e0700000, 0x00000000e0800000, 0x00000000e0800000|100%| O|  |TAMS 0x00000000e0800000, 0x00000000e0700000| Untracked 
|   8|0x00000000e0800000, 0x00000000e0900000, 0x00000000e0900000|100%| O|  |TAMS 0x00000000e0900000, 0x00000000e0800000| Untracked 
|   9|0x00000000e0900000, 0x00000000e0a00000, 0x00000000e0a00000|100%| O|  |TAMS 0x00000000e0a00000, 0x00000000e0900000| Untracked 
|  10|0x00000000e0a00000, 0x00000000e0b00000, 0x00000000e0b00000|100%|HS|  |TAMS 0x00000000e0b00000, 0x00000000e0a00000| Complete 
|  11|0x00000000e0b00000, 0x00000000e0c00000, 0x00000000e0c00000|100%|HC|  |TAMS 0x00000000e0c00000, 0x00000000e0b00000| Complete 
|  12|0x00000000e0c00000, 0x00000000e0d00000, 0x00000000e0d00000|100%|HC|  |TAMS 0x00000000e0d00000, 0x00000000e0c00000| Complete 
|  13|0x00000000e0d00000, 0x00000000e0e00000, 0x00000000e0e00000|100%|HC|  |TAMS 0x00000000e0e00000, 0x00000000e0d00000| Complete 
|  14|0x00000000e0e00000, 0x00000000e0f00000, 0x00000000e0f00000|100%|HC|  |TAMS 0x00000000e0f00000, 0x00000000e0e00000| Complete 
|  15|0x00000000e0f00000, 0x00000000e1000000, 0x00000000e1000000|100%|HC|  |TAMS 0x00000000e1000000, 0x00000000e0f00000| Complete 
|  16|0x00000000e1000000, 0x00000000e1100000, 0x00000000e1100000|100%|HC|  |TAMS 0x00000000e1100000, 0x00000000e1000000| Complete 
|  17|0x00000000e1100000, 0x00000000e1200000, 0x00000000e1200000|100%|HC|  |TAMS 0x00000000e1200000, 0x00000000e1100000| Complete 
|  18|0x00000000e1200000, 0x00000000e1300000, 0x00000000e1300000|100%|HC|  |TAMS 0x00000000e1300000, 0x00000000e1200000| Complete 
|  19|0x00000000e1300000, 0x00000000e1400000, 0x00000000e1400000|100%|HC|  |TAMS 0x00000000e1400000, 0x00000000e1300000| Complete 
|  20|0x00000000e1400000, 0x00000000e1500000, 0x00000000e1500000|100%|HC|  |TAMS 0x00000000e1500000, 0x00000000e1400000| Complete 
|  21|0x00000000e1500000, 0x00000000e1600000, 0x00000000e1600000|100%|HC|  |TAMS 0x00000000e1600000, 0x00000000e1500000| Complete 
|  22|0x00000000e1600000, 0x00000000e1700000, 0x00000000e1700000|100%|HC|  |TAMS 0x00000000e1700000, 0x00000000e1600000| Complete 
|  23|0x00000000e1700000, 0x00000000e1800000, 0x00000000e1800000|100%|HC|  |TAMS 0x00000000e1800000, 0x00000000e1700000| Complete 
|  24|0x00000000e1800000, 0x00000000e1900000, 0x00000000e1900000|100%|HC|  |TAMS 0x00000000e1900000, 0x00000000e1800000| Complete 
|  25|0x00000000e1900000, 0x00000000e1a00000, 0x00000000e1a00000|100%|HC|  |TAMS 0x00000000e1a00000, 0x00000000e1900000| Complete 
|  26|0x00000000e1a00000, 0x00000000e1b00000, 0x00000000e1b00000|100%|HC|  |TAMS 0x00000000e1b00000, 0x00000000e1a00000| Complete 
|  27|0x00000000e1b00000, 0x00000000e1c00000, 0x00000000e1c00000|100%| O|  |TAMS 0x00000000e1c00000, 0x00000000e1b00000| Untracked 
|  28|0x00000000e1c00000, 0x00000000e1d00000, 0x00000000e1d00000|100%| O|  |TAMS 0x00000000e1d00000, 0x00000000e1c00000| Untracked 
|  29|0x00000000e1d00000, 0x00000000e1e00000, 0x00000000e1e00000|100%| O|  |TAMS 0x00000000e1e00000, 0x00000000e1d00000| Untracked 
|  30|0x00000000e1e00000, 0x00000000e1f00000, 0x00000000e1f00000|100%| O|  |TAMS 0x00000000e1f00000, 0x00000000e1e00000| Untracked 
|  31|0x00000000e1f00000, 0x00000000e2000000, 0x00000000e2000000|100%| O|  |TAMS 0x00000000e2000000, 0x00000000e1f00000| Untracked 
|  32|0x00000000e2000000, 0x00000000e2100000, 0x00000000e2100000|100%| O|  |TAMS 0x00000000e2100000, 0x00000000e2000000| Untracked 
|  33|0x00000000e2100000, 0x00000000e2200000, 0x00000000e2200000|100%| O|  |TAMS 0x00000000e2200000, 0x00000000e2100000| Untracked 
|  34|0x00000000e2200000, 0x00000000e2300000, 0x00000000e2300000|100%| O|  |TAMS 0x00000000e2300000, 0x00000000e2200000| Untracked 
|  35|0x00000000e2300000, 0x00000000e2400000, 0x00000000e2400000|100%| O|  |TAMS 0x00000000e2400000, 0x00000000e2300000| Untracked 
|  36|0x00000000e2400000, 0x00000000e2500000, 0x00000000e2500000|100%| O|  |TAMS 0x00000000e2500000, 0x00000000e2400000| Untracked 
|  37|0x00000000e2500000, 0x00000000e2600000, 0x00000000e2600000|100%| O|  |TAMS 0x00000000e2600000, 0x00000000e2500000| Untracked 
|  38|0x00000000e2600000, 0x00000000e2700000, 0x00000000e2700000|100%| O|  |TAMS 0x00000000e2700000, 0x00000000e2600000| Untracked 
|  39|0x00000000e2700000, 0x00000000e2800000, 0x00000000e2800000|100%| O|  |TAMS 0x00000000e2760200, 0x00000000e2700000| Untracked 
|  40|0x00000000e2800000, 0x00000000e2900000, 0x00000000e2900000|100%| O|  |TAMS 0x00000000e2900000, 0x00000000e2800000| Untracked 
|  41|0x00000000e2900000, 0x00000000e2a00000, 0x00000000e2a00000|100%| O|  |TAMS 0x00000000e2a00000, 0x00000000e2900000| Untracked 
|  42|0x00000000e2a00000, 0x00000000e2b00000, 0x00000000e2b00000|100%| O|  |TAMS 0x00000000e2b00000, 0x00000000e2a00000| Untracked 
|  43|0x00000000e2b00000, 0x00000000e2c00000, 0x00000000e2c00000|100%| O|  |TAMS 0x00000000e2c00000, 0x00000000e2b00000| Untracked 
|  44|0x00000000e2c00000, 0x00000000e2c00000, 0x00000000e2d00000|  0%| F|  |TAMS 0x00000000e2c00000, 0x00000000e2c00000| Untracked 
|  45|0x00000000e2d00000, 0x00000000e2e00000, 0x00000000e2e00000|100%| O|  |TAMS 0x00000000e2e00000, 0x00000000e2d00000| Untracked 
|  46|0x00000000e2e00000, 0x00000000e2e00000, 0x00000000e2f00000|  0%| F|  |TAMS 0x00000000e2e00000, 0x00000000e2e00000| Untracked 
|  47|0x00000000e2f00000, 0x00000000e3000000, 0x00000000e3000000|100%|HS|  |TAMS 0x00000000e3000000, 0x00000000e2f00000| Complete 
|  48|0x00000000e3000000, 0x00000000e3100000, 0x00000000e3100000|100%|HC|  |TAMS 0x00000000e3100000, 0x00000000e3000000| Complete 
|  49|0x00000000e3100000, 0x00000000e3200000, 0x00000000e3200000|100%| O|  |TAMS 0x00000000e3200000, 0x00000000e3100000| Untracked 
|  50|0x00000000e3200000, 0x00000000e3300000, 0x00000000e3300000|100%| O|  |TAMS 0x00000000e3300000, 0x00000000e3200000| Untracked 
|  51|0x00000000e3300000, 0x00000000e3400000, 0x00000000e3400000|100%|HS|  |TAMS 0x00000000e3400000, 0x00000000e3300000| Complete 
|  52|0x00000000e3400000, 0x00000000e3500000, 0x00000000e3500000|100%| O|  |TAMS 0x00000000e3500000, 0x00000000e3400000| Untracked 
|  53|0x00000000e3500000, 0x00000000e3600000, 0x00000000e3600000|100%| O|  |TAMS 0x00000000e3600000, 0x00000000e3500000| Untracked 
|  54|0x00000000e3600000, 0x00000000e3700000, 0x00000000e3700000|100%| O|  |TAMS 0x00000000e3700000, 0x00000000e3600000| Untracked 
|  55|0x00000000e3700000, 0x00000000e3800000, 0x00000000e3800000|100%| O|  |TAMS 0x00000000e3800000, 0x00000000e3700000| Untracked 
|  56|0x00000000e3800000, 0x00000000e3900000, 0x00000000e3900000|100%| O|  |TAMS 0x00000000e3900000, 0x00000000e3800000| Untracked 
|  57|0x00000000e3900000, 0x00000000e3a00000, 0x00000000e3a00000|100%| O|  |TAMS 0x00000000e3a00000, 0x00000000e3900000| Untracked 
|  58|0x00000000e3a00000, 0x00000000e3b00000, 0x00000000e3b00000|100%| O|  |TAMS 0x00000000e3b00000, 0x00000000e3a00000| Untracked 
|  59|0x00000000e3b00000, 0x00000000e3c00000, 0x00000000e3c00000|100%| O|  |TAMS 0x00000000e3c00000, 0x00000000e3b00000| Untracked 
|  60|0x00000000e3c00000, 0x00000000e3d00000, 0x00000000e3d00000|100%| O|  |TAMS 0x00000000e3d00000, 0x00000000e3c00000| Untracked 
|  61|0x00000000e3d00000, 0x00000000e3e00000, 0x00000000e3e00000|100%|HS|  |TAMS 0x00000000e3e00000, 0x00000000e3d00000| Complete 
|  62|0x00000000e3e00000, 0x00000000e3f00000, 0x00000000e3f00000|100%|HC|  |TAMS 0x00000000e3f00000, 0x00000000e3e00000| Complete 
|  63|0x00000000e3f00000, 0x00000000e4000000, 0x00000000e4000000|100%|HC|  |TAMS 0x00000000e4000000, 0x00000000e3f00000| Complete 
|  64|0x00000000e4000000, 0x00000000e4100000, 0x00000000e4100000|100%|HC|  |TAMS 0x00000000e4100000, 0x00000000e4000000| Complete 
|  65|0x00000000e4100000, 0x00000000e4200000, 0x00000000e4200000|100%|HC|  |TAMS 0x00000000e4200000, 0x00000000e4100000| Complete 
|  66|0x00000000e4200000, 0x00000000e4200000, 0x00000000e4300000|  0%| F|  |TAMS 0x00000000e4200000, 0x00000000e4200000| Untracked 
|  67|0x00000000e4300000, 0x00000000e4400000, 0x00000000e4400000|100%| O|  |TAMS 0x00000000e4400000, 0x00000000e4300000| Untracked 
|  68|0x00000000e4400000, 0x00000000e4500000, 0x00000000e4500000|100%| O|  |TAMS 0x00000000e4400000, 0x00000000e4400000| Untracked 
|  69|0x00000000e4500000, 0x00000000e4600000, 0x00000000e4600000|100%| O|  |TAMS 0x00000000e4600000, 0x00000000e4500000| Untracked 
|  70|0x00000000e4600000, 0x00000000e4700000, 0x00000000e4700000|100%| O|  |TAMS 0x00000000e4700000, 0x00000000e4600000| Untracked 
|  71|0x00000000e4700000, 0x00000000e4800000, 0x00000000e4800000|100%|HS|  |TAMS 0x00000000e4800000, 0x00000000e4700000| Complete 
|  72|0x00000000e4800000, 0x00000000e4900000, 0x00000000e4900000|100%|HC|  |TAMS 0x00000000e4900000, 0x00000000e4800000| Complete 
|  73|0x00000000e4900000, 0x00000000e4a00000, 0x00000000e4a00000|100%|HS|  |TAMS 0x00000000e4a00000, 0x00000000e4900000| Complete 
|  74|0x00000000e4a00000, 0x00000000e4b00000, 0x00000000e4b00000|100%|HC|  |TAMS 0x00000000e4b00000, 0x00000000e4a00000| Complete 
|  75|0x00000000e4b00000, 0x00000000e4c00000, 0x00000000e4c00000|100%| O|  |TAMS 0x00000000e4c00000, 0x00000000e4b00000| Untracked 
|  76|0x00000000e4c00000, 0x00000000e4d00000, 0x00000000e4d00000|100%| O|  |TAMS 0x00000000e4d00000, 0x00000000e4c00000| Untracked 
|  77|0x00000000e4d00000, 0x00000000e4e00000, 0x00000000e4e00000|100%| O|  |TAMS 0x00000000e4e00000, 0x00000000e4d00000| Untracked 
|  78|0x00000000e4e00000, 0x00000000e4f00000, 0x00000000e4f00000|100%| O|  |TAMS 0x00000000e4f00000, 0x00000000e4e00000| Untracked 
|  79|0x00000000e4f00000, 0x00000000e5000000, 0x00000000e5000000|100%| O|  |TAMS 0x00000000e5000000, 0x00000000e4f00000| Untracked 
|  80|0x00000000e5000000, 0x00000000e5100000, 0x00000000e5100000|100%|HS|  |TAMS 0x00000000e5100000, 0x00000000e5000000| Complete 
|  81|0x00000000e5100000, 0x00000000e5200000, 0x00000000e5200000|100%|HC|  |TAMS 0x00000000e5200000, 0x00000000e5100000| Complete 
|  82|0x00000000e5200000, 0x00000000e5300000, 0x00000000e5300000|100%| O|  |TAMS 0x00000000e5300000, 0x00000000e5200000| Untracked 
|  83|0x00000000e5300000, 0x00000000e5400000, 0x00000000e5400000|100%| O|  |TAMS 0x00000000e5400000, 0x00000000e5300000| Untracked 
|  84|0x00000000e5400000, 0x00000000e5500000, 0x00000000e5500000|100%| O|  |TAMS 0x00000000e5500000, 0x00000000e5400000| Untracked 
|  85|0x00000000e5500000, 0x00000000e5600000, 0x00000000e5600000|100%| O|  |TAMS 0x00000000e5600000, 0x00000000e5500000| Untracked 
|  86|0x00000000e5600000, 0x00000000e5700000, 0x00000000e5700000|100%| O|  |TAMS 0x00000000e5600000, 0x00000000e5600000| Untracked 
|  87|0x00000000e5700000, 0x00000000e5800000, 0x00000000e5800000|100%| O|  |TAMS 0x00000000e5700000, 0x00000000e5700000| Untracked 
|  88|0x00000000e5800000, 0x00000000e5900000, 0x00000000e5900000|100%| O|  |TAMS 0x00000000e5900000, 0x00000000e5800000| Untracked 
|  89|0x00000000e5900000, 0x00000000e5a00000, 0x00000000e5a00000|100%| O|  |TAMS 0x00000000e5a00000, 0x00000000e5900000| Untracked 
|  90|0x00000000e5a00000, 0x00000000e5b00000, 0x00000000e5b00000|100%| O|  |TAMS 0x00000000e5b00000, 0x00000000e5a00000| Untracked 
|  91|0x00000000e5b00000, 0x00000000e5c00000, 0x00000000e5c00000|100%| O|  |TAMS 0x00000000e5c00000, 0x00000000e5b00000| Untracked 
|  92|0x00000000e5c00000, 0x00000000e5d00000, 0x00000000e5d00000|100%| O|  |TAMS 0x00000000e5d00000, 0x00000000e5c00000| Untracked 
|  93|0x00000000e5d00000, 0x00000000e5e00000, 0x00000000e5e00000|100%| O|  |TAMS 0x00000000e5e00000, 0x00000000e5d00000| Untracked 
|  94|0x00000000e5e00000, 0x00000000e5f00000, 0x00000000e5f00000|100%| O|  |TAMS 0x00000000e5f00000, 0x00000000e5e00000| Untracked 
|  95|0x00000000e5f00000, 0x00000000e6000000, 0x00000000e6000000|100%| O|  |TAMS 0x00000000e6000000, 0x00000000e5f00000| Untracked 
|  96|0x00000000e6000000, 0x00000000e6100000, 0x00000000e6100000|100%| O|  |TAMS 0x00000000e6000000, 0x00000000e6000000| Untracked 
|  97|0x00000000e6100000, 0x00000000e6200000, 0x00000000e6200000|100%| O|  |TAMS 0x00000000e6100000, 0x00000000e6100000| Untracked 
|  98|0x00000000e6200000, 0x00000000e6300000, 0x00000000e6300000|100%| O|  |TAMS 0x00000000e6300000, 0x00000000e6200000| Untracked 
|  99|0x00000000e6300000, 0x00000000e6400000, 0x00000000e6400000|100%|HS|  |TAMS 0x00000000e6400000, 0x00000000e6300000| Complete 
| 100|0x00000000e6400000, 0x00000000e6500000, 0x00000000e6500000|100%|HC|  |TAMS 0x00000000e6500000, 0x00000000e6400000| Complete 
| 101|0x00000000e6500000, 0x00000000e6600000, 0x00000000e6600000|100%|HC|  |TAMS 0x00000000e6600000, 0x00000000e6500000| Complete 
| 102|0x00000000e6600000, 0x00000000e6700000, 0x00000000e6700000|100%| O|  |TAMS 0x00000000e6700000, 0x00000000e6600000| Untracked 
| 103|0x00000000e6700000, 0x00000000e6800000, 0x00000000e6800000|100%| O|  |TAMS 0x00000000e6800000, 0x00000000e6700000| Untracked 
| 104|0x00000000e6800000, 0x00000000e6900000, 0x00000000e6900000|100%| O|  |TAMS 0x00000000e6900000, 0x00000000e6800000| Untracked 
| 105|0x00000000e6900000, 0x00000000e6a00000, 0x00000000e6a00000|100%| O|  |TAMS 0x00000000e6a00000, 0x00000000e6900000| Untracked 
| 106|0x00000000e6a00000, 0x00000000e6a40200, 0x00000000e6b00000| 25%| O|  |TAMS 0x00000000e6a00000, 0x00000000e6a00000| Untracked 
| 107|0x00000000e6b00000, 0x00000000e6b00000, 0x00000000e6c00000|  0%| F|  |TAMS 0x00000000e6b00000, 0x00000000e6b00000| Untracked 
| 108|0x00000000e6c00000, 0x00000000e6d00000, 0x00000000e6d00000|100%| O|  |TAMS 0x00000000e6d00000, 0x00000000e6c00000| Untracked 
| 109|0x00000000e6d00000, 0x00000000e6d00000, 0x00000000e6e00000|  0%| F|  |TAMS 0x00000000e6d00000, 0x00000000e6d00000| Untracked 
| 110|0x00000000e6e00000, 0x00000000e6f00000, 0x00000000e6f00000|100%| O|  |TAMS 0x00000000e6f00000, 0x00000000e6e00000| Untracked 
| 111|0x00000000e6f00000, 0x00000000e6f00000, 0x00000000e7000000|  0%| F|  |TAMS 0x00000000e6f00000, 0x00000000e6f00000| Untracked 
| 112|0x00000000e7000000, 0x00000000e7100000, 0x00000000e7100000|100%| O|  |TAMS 0x00000000e7100000, 0x00000000e7000000| Untracked 
| 113|0x00000000e7100000, 0x00000000e7100000, 0x00000000e7200000|  0%| F|  |TAMS 0x00000000e7100000, 0x00000000e7100000| Untracked 
| 114|0x00000000e7200000, 0x00000000e7300000, 0x00000000e7300000|100%| O|  |TAMS 0x00000000e7300000, 0x00000000e7200000| Untracked 
| 115|0x00000000e7300000, 0x00000000e7400000, 0x00000000e7400000|100%|HS|  |TAMS 0x00000000e7300000, 0x00000000e7300000| Complete 
| 116|0x00000000e7400000, 0x00000000e7500000, 0x00000000e7500000|100%|HC|  |TAMS 0x00000000e7400000, 0x00000000e7400000| Complete 
| 117|0x00000000e7500000, 0x00000000e7500000, 0x00000000e7600000|  0%| F|  |TAMS 0x00000000e7500000, 0x00000000e7500000| Untracked 
| 118|0x00000000e7600000, 0x00000000e7700000, 0x00000000e7700000|100%| O|  |TAMS 0x00000000e7700000, 0x00000000e7600000| Untracked 
| 119|0x00000000e7700000, 0x00000000e7700000, 0x00000000e7800000|  0%| F|  |TAMS 0x00000000e7700000, 0x00000000e7700000| Untracked 
| 120|0x00000000e7800000, 0x00000000e7900000, 0x00000000e7900000|100%| O|  |TAMS 0x00000000e7900000, 0x00000000e7800000| Untracked 
| 121|0x00000000e7900000, 0x00000000e7a00000, 0x00000000e7a00000|100%| O|  |TAMS 0x00000000e7a00000, 0x00000000e7900000| Untracked 
| 122|0x00000000e7a00000, 0x00000000e7b00000, 0x00000000e7b00000|100%| O|  |TAMS 0x00000000e7b00000, 0x00000000e7a00000| Untracked 
| 123|0x00000000e7b00000, 0x00000000e7c00000, 0x00000000e7c00000|100%| O|  |TAMS 0x00000000e7c00000, 0x00000000e7b00000| Untracked 
| 124|0x00000000e7c00000, 0x00000000e7d00000, 0x00000000e7d00000|100%| O|  |TAMS 0x00000000e7d00000, 0x00000000e7c00000| Untracked 
| 125|0x00000000e7d00000, 0x00000000e7e00000, 0x00000000e7e00000|100%| O|  |TAMS 0x00000000e7e00000, 0x00000000e7d00000| Untracked 
| 126|0x00000000e7e00000, 0x00000000e7f00000, 0x00000000e7f00000|100%| O|  |TAMS 0x00000000e7f00000, 0x00000000e7e00000| Untracked 
| 127|0x00000000e7f00000, 0x00000000e8000000, 0x00000000e8000000|100%| O|  |TAMS 0x00000000e8000000, 0x00000000e7f00000| Untracked 
| 128|0x00000000e8000000, 0x00000000e8100000, 0x00000000e8100000|100%| O|  |TAMS 0x00000000e8100000, 0x00000000e8000000| Untracked 
| 129|0x00000000e8100000, 0x00000000e8200000, 0x00000000e8200000|100%| O|  |TAMS 0x00000000e8200000, 0x00000000e8100000| Untracked 
| 130|0x00000000e8200000, 0x00000000e8300000, 0x00000000e8300000|100%| O|  |TAMS 0x00000000e8300000, 0x00000000e8200000| Untracked 
| 131|0x00000000e8300000, 0x00000000e8400000, 0x00000000e8400000|100%|HS|  |TAMS 0x00000000e8300000, 0x00000000e8300000| Complete 
| 132|0x00000000e8400000, 0x00000000e8500000, 0x00000000e8500000|100%|HC|  |TAMS 0x00000000e8400000, 0x00000000e8400000| Complete 
| 133|0x00000000e8500000, 0x00000000e8500000, 0x00000000e8600000|  0%| F|  |TAMS 0x00000000e8500000, 0x00000000e8500000| Untracked 
| 134|0x00000000e8600000, 0x00000000e8600000, 0x00000000e8700000|  0%| F|  |TAMS 0x00000000e8600000, 0x00000000e8600000| Untracked 
| 135|0x00000000e8700000, 0x00000000e8700000, 0x00000000e8800000|  0%| F|  |TAMS 0x00000000e8700000, 0x00000000e8700000| Untracked 
| 136|0x00000000e8800000, 0x00000000e8800000, 0x00000000e8900000|  0%| F|  |TAMS 0x00000000e8800000, 0x00000000e8800000| Untracked 
| 137|0x00000000e8900000, 0x00000000e8900000, 0x00000000e8a00000|  0%| F|  |TAMS 0x00000000e8900000, 0x00000000e8900000| Untracked 
| 138|0x00000000e8a00000, 0x00000000e8a00000, 0x00000000e8b00000|  0%| F|  |TAMS 0x00000000e8a00000, 0x00000000e8a00000| Untracked 
| 139|0x00000000e8b00000, 0x00000000e8b00000, 0x00000000e8c00000|  0%| F|  |TAMS 0x00000000e8b00000, 0x00000000e8b00000| Untracked 
| 140|0x00000000e8c00000, 0x00000000e8c00000, 0x00000000e8d00000|  0%| F|  |TAMS 0x00000000e8c00000, 0x00000000e8c00000| Untracked 
| 141|0x00000000e8d00000, 0x00000000e8d00000, 0x00000000e8e00000|  0%| F|  |TAMS 0x00000000e8d00000, 0x00000000e8d00000| Untracked 
| 142|0x00000000e8e00000, 0x00000000e8e00000, 0x00000000e8f00000|  0%| F|  |TAMS 0x00000000e8e00000, 0x00000000e8e00000| Untracked 
| 143|0x00000000e8f00000, 0x00000000e8f00000, 0x00000000e9000000|  0%| F|  |TAMS 0x00000000e8f00000, 0x00000000e8f00000| Untracked 
| 144|0x00000000e9000000, 0x00000000e9000000, 0x00000000e9100000|  0%| F|  |TAMS 0x00000000e9000000, 0x00000000e9000000| Untracked 
| 145|0x00000000e9100000, 0x00000000e9100000, 0x00000000e9200000|  0%| F|  |TAMS 0x00000000e9100000, 0x00000000e9100000| Untracked 
| 146|0x00000000e9200000, 0x00000000e9200000, 0x00000000e9300000|  0%| F|  |TAMS 0x00000000e9200000, 0x00000000e9200000| Untracked 
| 147|0x00000000e9300000, 0x00000000e9300000, 0x00000000e9400000|  0%| F|  |TAMS 0x00000000e9300000, 0x00000000e9300000| Untracked 
| 148|0x00000000e9400000, 0x00000000e9400000, 0x00000000e9500000|  0%| F|  |TAMS 0x00000000e9400000, 0x00000000e9400000| Untracked 
| 149|0x00000000e9500000, 0x00000000e9500000, 0x00000000e9600000|  0%| F|  |TAMS 0x00000000e9500000, 0x00000000e9500000| Untracked 
| 150|0x00000000e9600000, 0x00000000e9600000, 0x00000000e9700000|  0%| F|  |TAMS 0x00000000e9600000, 0x00000000e9600000| Untracked 
| 151|0x00000000e9700000, 0x00000000e9700000, 0x00000000e9800000|  0%| F|  |TAMS 0x00000000e9700000, 0x00000000e9700000| Untracked 
| 152|0x00000000e9800000, 0x00000000e9800000, 0x00000000e9900000|  0%| F|  |TAMS 0x00000000e9800000, 0x00000000e9800000| Untracked 
| 153|0x00000000e9900000, 0x00000000e9900000, 0x00000000e9a00000|  0%| F|  |TAMS 0x00000000e9900000, 0x00000000e9900000| Untracked 
| 154|0x00000000e9a00000, 0x00000000e9a00000, 0x00000000e9b00000|  0%| F|  |TAMS 0x00000000e9a00000, 0x00000000e9a00000| Untracked 
| 155|0x00000000e9b00000, 0x00000000e9b00000, 0x00000000e9c00000|  0%| F|  |TAMS 0x00000000e9b00000, 0x00000000e9b00000| Untracked 
| 156|0x00000000e9c00000, 0x00000000e9c00000, 0x00000000e9d00000|  0%| F|  |TAMS 0x00000000e9c00000, 0x00000000e9c00000| Untracked 
| 157|0x00000000e9d00000, 0x00000000e9d00000, 0x00000000e9e00000|  0%| F|  |TAMS 0x00000000e9d00000, 0x00000000e9d00000| Untracked 
| 158|0x00000000e9e00000, 0x00000000e9e00000, 0x00000000e9f00000|  0%| F|  |TAMS 0x00000000e9e00000, 0x00000000e9e00000| Untracked 
| 159|0x00000000e9f00000, 0x00000000e9f00000, 0x00000000ea000000|  0%| F|  |TAMS 0x00000000e9f00000, 0x00000000e9f00000| Untracked 
| 160|0x00000000ea000000, 0x00000000ea000000, 0x00000000ea100000|  0%| F|  |TAMS 0x00000000ea000000, 0x00000000ea000000| Untracked 
| 161|0x00000000ea100000, 0x00000000ea100000, 0x00000000ea200000|  0%| F|  |TAMS 0x00000000ea100000, 0x00000000ea100000| Untracked 
| 162|0x00000000ea200000, 0x00000000ea200000, 0x00000000ea300000|  0%| F|  |TAMS 0x00000000ea200000, 0x00000000ea200000| Untracked 
| 163|0x00000000ea300000, 0x00000000ea300000, 0x00000000ea400000|  0%| F|  |TAMS 0x00000000ea300000, 0x00000000ea300000| Untracked 
| 164|0x00000000ea400000, 0x00000000ea400000, 0x00000000ea500000|  0%| F|  |TAMS 0x00000000ea400000, 0x00000000ea400000| Untracked 
| 165|0x00000000ea500000, 0x00000000ea500000, 0x00000000ea600000|  0%| F|  |TAMS 0x00000000ea500000, 0x00000000ea500000| Untracked 
| 166|0x00000000ea600000, 0x00000000ea600000, 0x00000000ea700000|  0%| F|  |TAMS 0x00000000ea600000, 0x00000000ea600000| Untracked 
| 167|0x00000000ea700000, 0x00000000ea800000, 0x00000000ea800000|100%| O|  |TAMS 0x00000000ea800000, 0x00000000ea700000| Untracked 
| 168|0x00000000ea800000, 0x00000000ea900000, 0x00000000ea900000|100%| O|  |TAMS 0x00000000ea900000, 0x00000000ea800000| Untracked 
| 169|0x00000000ea900000, 0x00000000eaa00000, 0x00000000eaa00000|100%| O|  |TAMS 0x00000000eaa00000, 0x00000000ea900000| Untracked 
| 170|0x00000000eaa00000, 0x00000000eab00000, 0x00000000eab00000|100%| O|  |TAMS 0x00000000eab00000, 0x00000000eaa00000| Untracked 
| 171|0x00000000eab00000, 0x00000000eac00000, 0x00000000eac00000|100%| O|  |TAMS 0x00000000eac00000, 0x00000000eab00000| Untracked 
| 172|0x00000000eac00000, 0x00000000eac00000, 0x00000000ead00000|  0%| F|  |TAMS 0x00000000eac00000, 0x00000000eac00000| Untracked 
| 173|0x00000000ead00000, 0x00000000ead00000, 0x00000000eae00000|  0%| F|  |TAMS 0x00000000ead00000, 0x00000000ead00000| Untracked 
| 174|0x00000000eae00000, 0x00000000eae00000, 0x00000000eaf00000|  0%| F|  |TAMS 0x00000000eae00000, 0x00000000eae00000| Untracked 
| 175|0x00000000eaf00000, 0x00000000eaf00000, 0x00000000eb000000|  0%| F|  |TAMS 0x00000000eaf00000, 0x00000000eaf00000| Untracked 
| 176|0x00000000eb000000, 0x00000000eb000000, 0x00000000eb100000|  0%| F|  |TAMS 0x00000000eb000000, 0x00000000eb000000| Untracked 
| 177|0x00000000eb100000, 0x00000000eb100000, 0x00000000eb200000|  0%| F|  |TAMS 0x00000000eb100000, 0x00000000eb100000| Untracked 
| 178|0x00000000eb200000, 0x00000000eb200000, 0x00000000eb300000|  0%| F|  |TAMS 0x00000000eb200000, 0x00000000eb200000| Untracked 
| 179|0x00000000eb300000, 0x00000000eb300000, 0x00000000eb400000|  0%| F|  |TAMS 0x00000000eb300000, 0x00000000eb300000| Untracked 
| 180|0x00000000eb400000, 0x00000000eb400000, 0x00000000eb500000|  0%| F|  |TAMS 0x00000000eb400000, 0x00000000eb400000| Untracked 
| 181|0x00000000eb500000, 0x00000000eb500000, 0x00000000eb600000|  0%| F|  |TAMS 0x00000000eb500000, 0x00000000eb500000| Untracked 
| 182|0x00000000eb600000, 0x00000000eb600000, 0x00000000eb700000|  0%| F|  |TAMS 0x00000000eb600000, 0x00000000eb600000| Untracked 
| 183|0x00000000eb700000, 0x00000000eb700000, 0x00000000eb800000|  0%| F|  |TAMS 0x00000000eb700000, 0x00000000eb700000| Untracked 
| 184|0x00000000eb800000, 0x00000000eb800000, 0x00000000eb900000|  0%| F|  |TAMS 0x00000000eb800000, 0x00000000eb800000| Untracked 
| 185|0x00000000eb900000, 0x00000000eb900000, 0x00000000eba00000|  0%| F|  |TAMS 0x00000000eb900000, 0x00000000eb900000| Untracked 
| 186|0x00000000eba00000, 0x00000000eba00000, 0x00000000ebb00000|  0%| F|  |TAMS 0x00000000eba00000, 0x00000000eba00000| Untracked 
| 187|0x00000000ebb00000, 0x00000000ebb00000, 0x00000000ebc00000|  0%| F|  |TAMS 0x00000000ebb00000, 0x00000000ebb00000| Untracked 
| 188|0x00000000ebc00000, 0x00000000ebc00000, 0x00000000ebd00000|  0%| F|  |TAMS 0x00000000ebc00000, 0x00000000ebc00000| Untracked 
| 189|0x00000000ebd00000, 0x00000000ebd00000, 0x00000000ebe00000|  0%| F|  |TAMS 0x00000000ebd00000, 0x00000000ebd00000| Untracked 
| 190|0x00000000ebe00000, 0x00000000ebe00000, 0x00000000ebf00000|  0%| F|  |TAMS 0x00000000ebe00000, 0x00000000ebe00000| Untracked 
| 191|0x00000000ebf00000, 0x00000000ebf00000, 0x00000000ec000000|  0%| F|  |TAMS 0x00000000ebf00000, 0x00000000ebf00000| Untracked 
| 192|0x00000000ec000000, 0x00000000ec000000, 0x00000000ec100000|  0%| F|  |TAMS 0x00000000ec000000, 0x00000000ec000000| Untracked 
| 193|0x00000000ec100000, 0x00000000ec100000, 0x00000000ec200000|  0%| F|  |TAMS 0x00000000ec100000, 0x00000000ec100000| Untracked 
| 194|0x00000000ec200000, 0x00000000ec200000, 0x00000000ec300000|  0%| F|  |TAMS 0x00000000ec200000, 0x00000000ec200000| Untracked 
| 195|0x00000000ec300000, 0x00000000ec300000, 0x00000000ec400000|  0%| F|  |TAMS 0x00000000ec300000, 0x00000000ec300000| Untracked 
| 196|0x00000000ec400000, 0x00000000ec400000, 0x00000000ec500000|  0%| F|  |TAMS 0x00000000ec400000, 0x00000000ec400000| Untracked 
| 197|0x00000000ec500000, 0x00000000ec500000, 0x00000000ec600000|  0%| F|  |TAMS 0x00000000ec500000, 0x00000000ec500000| Untracked 
| 198|0x00000000ec600000, 0x00000000ec700000, 0x00000000ec700000|100%| S|CS|TAMS 0x00000000ec600000, 0x00000000ec600000| Complete 
| 199|0x00000000ec700000, 0x00000000ec800000, 0x00000000ec800000|100%| S|CS|TAMS 0x00000000ec700000, 0x00000000ec700000| Complete 
| 200|0x00000000ec800000, 0x00000000ec900000, 0x00000000ec900000|100%| S|CS|TAMS 0x00000000ec800000, 0x00000000ec800000| Complete 
| 201|0x00000000ec900000, 0x00000000eca00000, 0x00000000eca00000|100%| S|CS|TAMS 0x00000000ec900000, 0x00000000ec900000| Complete 
| 202|0x00000000eca00000, 0x00000000ecb00000, 0x00000000ecb00000|100%| S|CS|TAMS 0x00000000eca00000, 0x00000000eca00000| Complete 
| 203|0x00000000ecb00000, 0x00000000ecb00000, 0x00000000ecc00000|  0%| F|  |TAMS 0x00000000ecb00000, 0x00000000ecb00000| Untracked 
| 204|0x00000000ecc00000, 0x00000000ecc00000, 0x00000000ecd00000|  0%| F|  |TAMS 0x00000000ecc00000, 0x00000000ecc00000| Untracked 
| 205|0x00000000ecd00000, 0x00000000ecd00000, 0x00000000ece00000|  0%| F|  |TAMS 0x00000000ecd00000, 0x00000000ecd00000| Untracked 
| 206|0x00000000ece00000, 0x00000000ece00000, 0x00000000ecf00000|  0%| F|  |TAMS 0x00000000ece00000, 0x00000000ece00000| Untracked 
| 207|0x00000000ecf00000, 0x00000000ecf00000, 0x00000000ed000000|  0%| F|  |TAMS 0x00000000ecf00000, 0x00000000ecf00000| Untracked 
| 208|0x00000000ed000000, 0x00000000ed000000, 0x00000000ed100000|  0%| F|  |TAMS 0x00000000ed000000, 0x00000000ed000000| Untracked 
| 209|0x00000000ed100000, 0x00000000ed200000, 0x00000000ed200000|100%| S|CS|TAMS 0x00000000ed100000, 0x00000000ed100000| Complete 
| 210|0x00000000ed200000, 0x00000000ed200000, 0x00000000ed300000|  0%| F|  |TAMS 0x00000000ed200000, 0x00000000ed200000| Untracked 
| 211|0x00000000ed300000, 0x00000000ed300000, 0x00000000ed400000|  0%| F|  |TAMS 0x00000000ed300000, 0x00000000ed300000| Untracked 
| 212|0x00000000ed400000, 0x00000000ed400000, 0x00000000ed500000|  0%| F|  |TAMS 0x00000000ed400000, 0x00000000ed400000| Untracked 
| 213|0x00000000ed500000, 0x00000000ed500000, 0x00000000ed600000|  0%| F|  |TAMS 0x00000000ed500000, 0x00000000ed500000| Untracked 
| 214|0x00000000ed600000, 0x00000000ed600000, 0x00000000ed700000|  0%| F|  |TAMS 0x00000000ed600000, 0x00000000ed600000| Untracked 
| 215|0x00000000ed700000, 0x00000000ed700000, 0x00000000ed800000|  0%| F|  |TAMS 0x00000000ed700000, 0x00000000ed700000| Untracked 
| 216|0x00000000ed800000, 0x00000000ed800000, 0x00000000ed900000|  0%| F|  |TAMS 0x00000000ed800000, 0x00000000ed800000| Untracked 
| 217|0x00000000ed900000, 0x00000000ed900000, 0x00000000eda00000|  0%| F|  |TAMS 0x00000000ed900000, 0x00000000ed900000| Untracked 
| 218|0x00000000eda00000, 0x00000000eda19760, 0x00000000edb00000|  9%| E|  |TAMS 0x00000000eda00000, 0x00000000eda00000| Complete 
| 219|0x00000000edb00000, 0x00000000edc00000, 0x00000000edc00000|100%| E|CS|TAMS 0x00000000edb00000, 0x00000000edb00000| Complete 
| 220|0x00000000edc00000, 0x00000000edd00000, 0x00000000edd00000|100%| E|CS|TAMS 0x00000000edc00000, 0x00000000edc00000| Complete 
| 221|0x00000000edd00000, 0x00000000ede00000, 0x00000000ede00000|100%| E|CS|TAMS 0x00000000edd00000, 0x00000000edd00000| Complete 
| 222|0x00000000ede00000, 0x00000000edf00000, 0x00000000edf00000|100%| E|CS|TAMS 0x00000000ede00000, 0x00000000ede00000| Complete 
| 223|0x00000000edf00000, 0x00000000ee000000, 0x00000000ee000000|100%| E|CS|TAMS 0x00000000edf00000, 0x00000000edf00000| Complete 
| 224|0x00000000ee000000, 0x00000000ee100000, 0x00000000ee100000|100%| E|CS|TAMS 0x00000000ee000000, 0x00000000ee000000| Complete 
| 225|0x00000000ee100000, 0x00000000ee200000, 0x00000000ee200000|100%| E|CS|TAMS 0x00000000ee100000, 0x00000000ee100000| Complete 
| 226|0x00000000ee200000, 0x00000000ee300000, 0x00000000ee300000|100%| E|CS|TAMS 0x00000000ee200000, 0x00000000ee200000| Complete 
| 227|0x00000000ee300000, 0x00000000ee400000, 0x00000000ee400000|100%| E|CS|TAMS 0x00000000ee300000, 0x00000000ee300000| Complete 
| 228|0x00000000ee400000, 0x00000000ee500000, 0x00000000ee500000|100%| E|CS|TAMS 0x00000000ee400000, 0x00000000ee400000| Complete 
| 229|0x00000000ee500000, 0x00000000ee600000, 0x00000000ee600000|100%| E|CS|TAMS 0x00000000ee500000, 0x00000000ee500000| Complete 
| 230|0x00000000ee600000, 0x00000000ee700000, 0x00000000ee700000|100%| E|CS|TAMS 0x00000000ee600000, 0x00000000ee600000| Complete 
| 231|0x00000000ee700000, 0x00000000ee800000, 0x00000000ee800000|100%| E|  |TAMS 0x00000000ee700000, 0x00000000ee700000| Complete 
| 232|0x00000000ee800000, 0x00000000ee900000, 0x00000000ee900000|100%| E|CS|TAMS 0x00000000ee800000, 0x00000000ee800000| Complete 
| 233|0x00000000ee900000, 0x00000000eea00000, 0x00000000eea00000|100%| E|CS|TAMS 0x00000000ee900000, 0x00000000ee900000| Complete 
| 504|0x00000000ff800000, 0x00000000ff900000, 0x00000000ff900000|100%| O|  |TAMS 0x00000000ff900000, 0x00000000ff800000| Untracked 
| 505|0x00000000ff900000, 0x00000000ffa00000, 0x00000000ffa00000|100%| O|  |TAMS 0x00000000ffa00000, 0x00000000ff900000| Untracked 
| 506|0x00000000ffa00000, 0x00000000ffb00000, 0x00000000ffb00000|100%| O|  |TAMS 0x00000000ffb00000, 0x00000000ffa00000| Untracked 
| 507|0x00000000ffb00000, 0x00000000ffc00000, 0x00000000ffc00000|100%| O|  |TAMS 0x00000000ffc00000, 0x00000000ffb00000| Untracked 
| 508|0x00000000ffc00000, 0x00000000ffd00000, 0x00000000ffd00000|100%| O|  |TAMS 0x00000000ffd00000, 0x00000000ffc00000| Untracked 
| 509|0x00000000ffd00000, 0x00000000ffe00000, 0x00000000ffe00000|100%| O|  |TAMS 0x00000000ffe00000, 0x00000000ffd00000| Untracked 
| 510|0x00000000ffe00000, 0x00000000fff00000, 0x00000000fff00000|100%| O|  |TAMS 0x00000000fff00000, 0x00000000ffe00000| Untracked 
| 511|0x00000000fff00000, 0x0000000100000000, 0x0000000100000000|100%| O|  |TAMS 0x0000000100000000, 0x00000000fff00000| Untracked 

Card table byte_map: [0x0000026f687f0000,0x0000026f688f0000] _byte_map_base: 0x0000026f680f0000

Marking Bits (Prev, Next): (CMBitMap*) 0x0000026f520c5db0, (CMBitMap*) 0x0000026f520c5df0
 Prev Bits: [0x0000026f689f0000, 0x0000026f691f0000)
 Next Bits: [0x0000026f691f0000, 0x0000026f699f0000)

Polling page: 0x0000026f51850000

Metaspace:

Usage:
  Non-class:     57.92 MB used.
      Class:      7.19 MB used.
       Both:     65.11 MB used.

Virtual space:
  Non-class space:       64.00 MB reserved,      58.12 MB ( 91%) committed,  8 nodes.
      Class space:        1.00 GB reserved,       7.38 MB ( <1%) committed,  1 nodes.
              Both:        1.06 GB reserved,      65.50 MB (  6%) committed. 

Chunk freelists:
   Non-Class:  1.82 MB
       Class:  518.00 KB
        Both:  2.32 MB

MaxMetaspaceSize: 17179869184.00 GB
CompressedClassSpaceSize: 1.00 GB
 - commit_granule_bytes: 65536.
 - commit_granule_words: 8192.
 - virtual_space_node_default_size: 1048576.
 - enlarge_chunks_in_place: 1.
 - new_chunks_are_fully_committed: 0.
 - uncommit_free_chunks: 1.
 - use_allocation_guard: 0.
 - handle_deallocations: 1.


Internal statistics:

num_allocs_failed_limit: 3.
num_arena_births: 522.
num_arena_deaths: 0.
num_vsnodes_births: 9.
num_vsnodes_deaths: 0.
num_space_committed: 1041.
num_space_uncommitted: 0.
num_chunks_returned_to_freelist: 3.
num_chunks_taken_from_freelist: 2470.
num_chunk_merges: 0.
num_chunk_splits: 1784.
num_chunks_enlarged: 1420.
num_purges: 0.

CodeHeap 'non-profiled nmethods': size=120000Kb used=6331Kb max_used=6331Kb free=113668Kb
 bounds [0x0000026f612c0000, 0x0000026f618f0000, 0x0000026f687f0000]
CodeHeap 'profiled nmethods': size=120000Kb used=19656Kb max_used=19656Kb free=100343Kb
 bounds [0x0000026f59d90000, 0x0000026f5b0d0000, 0x0000026f612c0000]
CodeHeap 'non-nmethods': size=5760Kb used=1945Kb max_used=2060Kb free=3815Kb
 bounds [0x0000026f597f0000, 0x0000026f59a60000, 0x0000026f59d90000]
 total_blobs=10580 nmethods=9136 adapters=1355
 compilation: enabled
              stopped_count=0, restarted_count=0
 full_count=0

Compilation events (20 events):
Event: 56.498 Thread 0x0000026f6bfb1b00 10845       3       java.lang.invoke.LambdaFormEditor::filterArgumentsForm (74 bytes)
Event: 56.498 Thread 0x0000026f6bfb1b00 nmethod 10845 0x0000026f5b0bf610 code [0x0000026f5b0bf7e0, 0x0000026f5b0bfa78]
Event: 56.498 Thread 0x0000026f6bfb1b00 10846       3       java.lang.invoke.LambdaForm$Name::withConstraint (20 bytes)
Event: 56.498 Thread 0x0000026f6bfadc00 10847       4       java.lang.invoke.LambdaForm$Name::useCount (42 bytes)
Event: 56.498 Thread 0x0000026f6bfb1b00 nmethod 10846 0x0000026f5b0bfb90 code [0x0000026f5b0bfd40, 0x0000026f5b0bff68]
Event: 56.499 Thread 0x0000026f6bfb1b00 10850       3       jdk.internal.org.objectweb.asm.AnnotationWriter::putAnnotations (110 bytes)
Event: 56.500 Thread 0x0000026f6bfb1b00 nmethod 10850 0x0000026f5b0c0010 code [0x0000026f5b0c0220, 0x0000026f5b0c0628]
Event: 56.500 Thread 0x0000026f6bfadc00 nmethod 10847 0x0000026f618ee990 code [0x0000026f618eeb20, 0x0000026f618eec18]
Event: 56.510 Thread 0x0000026f6bfb1b00 10851       3       java.util.logging.LogManager$LoggerContext::getGlobalLogger (6 bytes)
Event: 56.510 Thread 0x0000026f6bfb1b00 nmethod 10851 0x0000026f5b0c0890 code [0x0000026f5b0c0a20, 0x0000026f5b0c0b38]
Event: 56.510 Thread 0x0000026f6bfb1b00 10852  s!   3       sun.nio.ch.NativeThreadSet::signalAndWait (134 bytes)
Event: 56.511 Thread 0x0000026f6bfb1b00 nmethod 10852 0x0000026f5b0c0c10 code [0x0000026f5b0c0e00, 0x0000026f5b0c1498]
Event: 56.511 Thread 0x0000026f6bfb1b00 10853       3       java.util.LinkedList::node (65 bytes)
Event: 56.512 Thread 0x0000026f6bfb1b00 nmethod 10853 0x0000026f5b0c1710 code [0x0000026f5b0c18c0, 0x0000026f5b0c1b98]
Event: 56.512 Thread 0x0000026f6bfb1b00 10854       3       com.sun.prism.impl.PrismTrace::rttDisposed (78 bytes)
Event: 56.512 Thread 0x0000026f6bfb1b00 nmethod 10854 0x0000026f5ae75f90 code [0x0000026f5ae76120, 0x0000026f5ae76218]
Event: 56.512 Thread 0x0000026f6bfb1b00 10855       3       com.sun.prism.d3d.D3DResource$D3DRecord::markDisposed (6 bytes)
Event: 56.512 Thread 0x0000026f6bfb1b00 nmethod 10855 0x0000026f5b0c1d10 code [0x0000026f5b0c1ea0, 0x0000026f5b0c1fb8]
Event: 56.512 Thread 0x0000026f6bfb1b00 10856       3       com.sun.prism.d3d.D3DTextureData::markDisposed (34 bytes)
Event: 56.512 Thread 0x0000026f6bfb1b00 nmethod 10856 0x0000026f5b0c2090 code [0x0000026f5b0c2260, 0x0000026f5b0c2578]

GC Heap History (20 events):
Event: 26.406 GC heap before
{Heap before GC invocations=76 (full 0):
 garbage-first heap   total 207872K, used 163328K [0x00000000e0000000, 0x0000000100000000)
  region size 1024K, 50 young (51200K), 2 survivors (2048K)
 Metaspace       used 62787K, committed 63232K, reserved 1105920K
  class space    used 7010K, committed 7232K, reserved 1048576K
}
Event: 26.413 GC heap after
{Heap after GC invocations=77 (full 0):
 garbage-first heap   total 207872K, used 117889K [0x00000000e0000000, 0x0000000100000000)
  region size 1024K, 6 young (6144K), 6 survivors (6144K)
 Metaspace       used 62787K, committed 63232K, reserved 1105920K
  class space    used 7010K, committed 7232K, reserved 1048576K
}
Event: 27.500 GC heap before
{Heap before GC invocations=77 (full 0):
 garbage-first heap   total 207872K, used 132225K [0x00000000e0000000, 0x0000000100000000)
  region size 1024K, 22 young (22528K), 6 survivors (6144K)
 Metaspace       used 63482K, committed 63872K, reserved 1114112K
  class space    used 7070K, committed 7232K, reserved 1048576K
}
Event: 27.510 GC heap after
{Heap after GC invocations=78 (full 0):
 garbage-first heap   total 207872K, used 129521K [0x00000000e0000000, 0x0000000100000000)
  region size 1024K, 7 young (7168K), 7 survivors (7168K)
 Metaspace       used 63482K, committed 63872K, reserved 1114112K
  class space    used 7070K, committed 7232K, reserved 1048576K
}
Event: 27.928 GC heap before
{Heap before GC invocations=78 (full 0):
 garbage-first heap   total 245760K, used 161265K [0x00000000e0000000, 0x0000000100000000)
  region size 1024K, 40 young (40960K), 7 survivors (7168K)
 Metaspace       used 63484K, committed 63872K, reserved 1114112K
  class space    used 7070K, committed 7232K, reserved 1048576K
}
Event: 27.948 GC heap after
{Heap after GC invocations=79 (full 0):
 garbage-first heap   total 245760K, used 159939K [0x00000000e0000000, 0x0000000100000000)
  region size 1024K, 5 young (5120K), 5 survivors (5120K)
 Metaspace       used 63484K, committed 63872K, reserved 1114112K
  class space    used 7070K, committed 7232K, reserved 1048576K
}
Event: 28.097 GC heap before
{Heap before GC invocations=80 (full 0):
 garbage-first heap   total 245760K, used 183491K [0x00000000e0000000, 0x0000000100000000)
  region size 1024K, 28 young (28672K), 5 survivors (5120K)
 Metaspace       used 63486K, committed 63872K, reserved 1114112K
  class space    used 7070K, committed 7232K, reserved 1048576K
}
Event: 28.111 GC heap after
{Heap after GC invocations=81 (full 0):
 garbage-first heap   total 245760K, used 183296K [0x00000000e0000000, 0x0000000100000000)
  region size 1024K, 4 young (4096K), 4 survivors (4096K)
 Metaspace       used 63486K, committed 63872K, reserved 1114112K
  class space    used 7070K, committed 7232K, reserved 1048576K
}
Event: 28.552 GC heap before
{Heap before GC invocations=81 (full 0):
 garbage-first heap   total 245760K, used 193536K [0x00000000e0000000, 0x0000000100000000)
  region size 1024K, 16 young (16384K), 4 survivors (4096K)
 Metaspace       used 64108K, committed 64512K, reserved 1114112K
  class space    used 7152K, committed 7360K, reserved 1048576K
}
Event: 28.557 GC heap after
{Heap after GC invocations=82 (full 0):
 garbage-first heap   total 245760K, used 184832K [0x00000000e0000000, 0x0000000100000000)
  region size 1024K, 1 young (1024K), 1 survivors (1024K)
 Metaspace       used 64108K, committed 64512K, reserved 1114112K
  class space    used 7152K, committed 7360K, reserved 1048576K
}
Event: 28.701 GC heap before
{Heap before GC invocations=82 (full 0):
 garbage-first heap   total 245760K, used 203264K [0x00000000e0000000, 0x0000000100000000)
  region size 1024K, 14 young (14336K), 1 survivors (1024K)
 Metaspace       used 64193K, committed 64576K, reserved 1114112K
  class space    used 7162K, committed 7360K, reserved 1048576K
}
Event: 28.707 GC heap after
{Heap after GC invocations=83 (full 0):
 garbage-first heap   total 245760K, used 186942K [0x00000000e0000000, 0x0000000100000000)
  region size 1024K, 2 young (2048K), 2 survivors (2048K)
 Metaspace       used 64193K, committed 64576K, reserved 1114112K
  class space    used 7162K, committed 7360K, reserved 1048576K
}
Event: 29.126 GC heap before
{Heap before GC invocations=84 (full 0):
 garbage-first heap   total 245760K, used 153150K [0x00000000e0000000, 0x0000000100000000)
  region size 1024K, 15 young (15360K), 2 survivors (2048K)
 Metaspace       used 65085K, committed 65472K, reserved 1114112K
  class space    used 7304K, committed 7488K, reserved 1048576K
}
Event: 29.129 GC heap after
{Heap after GC invocations=85 (full 0):
 garbage-first heap   total 245760K, used 143872K [0x00000000e0000000, 0x0000000100000000)
  region size 1024K, 2 young (2048K), 2 survivors (2048K)
 Metaspace       used 65085K, committed 65472K, reserved 1114112K
  class space    used 7304K, committed 7488K, reserved 1048576K
}
Event: 29.238 GC heap before
{Heap before GC invocations=85 (full 0):
 garbage-first heap   total 245760K, used 153088K [0x00000000e0000000, 0x0000000100000000)
  region size 1024K, 12 young (12288K), 2 survivors (2048K)
 Metaspace       used 65091K, committed 65472K, reserved 1114112K
  class space    used 7304K, committed 7488K, reserved 1048576K
}
Event: 29.256 GC heap after
{Heap after GC invocations=86 (full 0):
 garbage-first heap   total 245760K, used 131470K [0x00000000e0000000, 0x0000000100000000)
  region size 1024K, 2 young (2048K), 2 survivors (2048K)
 Metaspace       used 65091K, committed 65472K, reserved 1114112K
  class space    used 7304K, committed 7488K, reserved 1048576K
}
Event: 29.487 GC heap before
{Heap before GC invocations=86 (full 0):
 garbage-first heap   total 245760K, used 150926K [0x00000000e0000000, 0x0000000100000000)
  region size 1024K, 23 young (23552K), 2 survivors (2048K)
 Metaspace       used 65267K, committed 65664K, reserved 1114112K
  class space    used 7313K, committed 7488K, reserved 1048576K
}
Event: 29.493 GC heap after
{Heap after GC invocations=87 (full 0):
 garbage-first heap   total 245760K, used 136576K [0x00000000e0000000, 0x0000000100000000)
  region size 1024K, 6 young (6144K), 6 survivors (6144K)
 Metaspace       used 65267K, committed 65664K, reserved 1114112K
  class space    used 7313K, committed 7488K, reserved 1048576K
}
Event: 46.928 GC heap before
{Heap before GC invocations=88 (full 0):
 garbage-first heap   total 245760K, used 161152K [0x00000000e0000000, 0x0000000100000000)
  region size 1024K, 28 young (28672K), 6 survivors (6144K)
 Metaspace       used 66044K, committed 66432K, reserved 1114112K
  class space    used 7350K, committed 7552K, reserved 1048576K
}
Event: 46.936 GC heap after
{Heap after GC invocations=89 (full 0):
 garbage-first heap   total 245760K, used 142592K [0x00000000e0000000, 0x0000000100000000)
  region size 1024K, 6 young (6144K), 6 survivors (6144K)
 Metaspace       used 66044K, committed 66432K, reserved 1114112K
  class space    used 7350K, committed 7552K, reserved 1048576K
}

Deoptimization events (20 events):
Event: 52.294 Thread 0x0000026f6cd8dc00 DEOPT PACKING pc=0x0000026f61898460 sp=0x000000e6b0dfe980
Event: 52.294 Thread 0x0000026f6cd8dc00 DEOPT UNPACKING pc=0x0000026f5983d72e sp=0x000000e6b0dfe900 mode 2
Event: 52.294 Thread 0x0000026f6cd8dc00 Uncommon trap: trap_request=0xffffffbe fr.pc=0x0000026f61898460 relative=0x0000000000000640
Event: 52.294 Thread 0x0000026f6cd8dc00 Uncommon trap: reason=profile_predicate action=maybe_recompile pc=0x0000026f61898460 method=osrs.LoginScreenAnimation.method2171(I[I)V @ 12 c2
Event: 52.294 Thread 0x0000026f6cd8dc00 DEOPT PACKING pc=0x0000026f61898460 sp=0x000000e6b0dfe980
Event: 52.294 Thread 0x0000026f6cd8dc00 DEOPT UNPACKING pc=0x0000026f5983d72e sp=0x000000e6b0dfe900 mode 2
Event: 52.294 Thread 0x0000026f6cd8dc00 Uncommon trap: trap_request=0xffffffbe fr.pc=0x0000026f618975b4 relative=0x0000000000000814
Event: 52.294 Thread 0x0000026f6cd8dc00 Uncommon trap: reason=profile_predicate action=maybe_recompile pc=0x0000026f618975b4 method=osrs.LoginScreenAnimation.method2171(I[I)V @ 9 c2
Event: 52.294 Thread 0x0000026f6cd8dc00 DEOPT PACKING pc=0x0000026f618975b4 sp=0x000000e6b0dfe940
Event: 52.294 Thread 0x0000026f6cd8dc00 DEOPT UNPACKING pc=0x0000026f5983d72e sp=0x000000e6b0dfe910 mode 2
Event: 52.654 Thread 0x0000026f6cd8dc00 DEOPT PACKING pc=0x0000026f5af89b16 sp=0x000000e6b0dfec30
Event: 52.654 Thread 0x0000026f6cd8dc00 DEOPT UNPACKING pc=0x0000026f5983dece sp=0x000000e6b0dfe200 mode 0
Event: 54.453 Thread 0x0000026f6cd8dc00 DEOPT PACKING pc=0x0000026f5af89b16 sp=0x000000e6b0dfec30
Event: 54.453 Thread 0x0000026f6cd8dc00 DEOPT UNPACKING pc=0x0000026f5983dece sp=0x000000e6b0dfe200 mode 0
Event: 56.253 Thread 0x0000026f6cd8dc00 DEOPT PACKING pc=0x0000026f5af89b16 sp=0x000000e6b0dfec30
Event: 56.253 Thread 0x0000026f6cd8dc00 DEOPT UNPACKING pc=0x0000026f5983dece sp=0x000000e6b0dfe200 mode 0
Event: 56.617 Thread 0x0000026f7a775030 Uncommon trap: trap_request=0xffffff45 fr.pc=0x0000026f614860fc relative=0x000000000000005c
Event: 56.617 Thread 0x0000026f7a775030 Uncommon trap: reason=unstable_if action=reinterpret pc=0x0000026f614860fc method=java.nio.channels.spi.AbstractInterruptibleChannel.isOpen()Z @ 4 c2
Event: 56.617 Thread 0x0000026f7a775030 DEOPT PACKING pc=0x0000026f614860fc sp=0x000000e6b25fef60
Event: 56.617 Thread 0x0000026f7a775030 DEOPT UNPACKING pc=0x0000026f5983d72e sp=0x000000e6b25feef0 mode 2

Classes unloaded (0 events):
No events

Classes redefined (0 events):
No events

Internal exceptions (20 events):
Event: 22.188 Thread 0x0000026f6cd8dc00 Exception <a 'java/lang/NoSuchMethodError'{0x00000000ec176598}: 'java.lang.Object java.lang.invoke.DirectMethodHandle$Holder.invokeStaticInit(java.lang.Object, java.lang.Object, long, java.lang.Object)'> (0x00000000ec176598) 
thrown [t:\workspace\open\src\hotspot\share\interpreter\linkResolver.cpp, line 790]
Event: 22.628 Thread 0x0000026f6cd8dc00 Exception <a 'sun/nio/fs/WindowsException'{0x00000000ebf15ea0}> (0x00000000ebf15ea0) 
thrown [t:\workspace\open\src\hotspot\share\prims\jni.cpp, line 579]
Event: 22.656 Thread 0x0000026f6cd8dc00 Exception <a 'sun/nio/fs/WindowsException'{0x00000000ebfb3dc8}> (0x00000000ebfb3dc8) 
thrown [t:\workspace\open\src\hotspot\share\prims\jni.cpp, line 579]
Event: 26.177 Thread 0x0000026f6cd8dc00 Exception <a 'sun/nio/fs/WindowsException'{0x00000000e9c62470}> (0x00000000e9c62470) 
thrown [t:\workspace\open\src\hotspot\share\prims\jni.cpp, line 579]
Event: 26.177 Thread 0x0000026f6cd8dc00 Exception <a 'sun/nio/fs/WindowsException'{0x00000000e9c62aa8}> (0x00000000e9c62aa8) 
thrown [t:\workspace\open\src\hotspot\share\prims\jni.cpp, line 579]
Event: 26.195 Thread 0x0000026f6cd8dc00 Exception <a 'sun/nio/fs/WindowsException'{0x00000000e9cf4828}> (0x00000000e9cf4828) 
thrown [t:\workspace\open\src\hotspot\share\prims\jni.cpp, line 579]
Event: 26.195 Thread 0x0000026f6cd8dc00 Exception <a 'sun/nio/fs/WindowsException'{0x00000000e9cf4e58}> (0x00000000e9cf4e58) 
thrown [t:\workspace\open\src\hotspot\share\prims\jni.cpp, line 579]
Event: 26.280 Thread 0x0000026f6cd8dc00 Exception <a 'sun/nio/fs/WindowsException'{0x00000000e98c6988}> (0x00000000e98c6988) 
thrown [t:\workspace\open\src\hotspot\share\prims\jni.cpp, line 579]
Event: 26.280 Thread 0x0000026f6cd8dc00 Exception <a 'sun/nio/fs/WindowsException'{0x00000000e98c6fc0}> (0x00000000e98c6fc0) 
thrown [t:\workspace\open\src\hotspot\share\prims\jni.cpp, line 579]
Event: 26.280 Thread 0x0000026f6cd8dc00 Exception <a 'sun/nio/fs/WindowsException'{0x00000000e98c75f8}> (0x00000000e98c75f8) 
thrown [t:\workspace\open\src\hotspot\share\prims\jni.cpp, line 579]
Event: 26.280 Thread 0x0000026f6cd8dc00 Exception <a 'sun/nio/fs/WindowsException'{0x00000000e98c7c28}> (0x00000000e98c7c28) 
thrown [t:\workspace\open\src\hotspot\share\prims\jni.cpp, line 579]
Event: 26.280 Thread 0x0000026f6cd8dc00 Exception <a 'sun/nio/fs/WindowsException'{0x00000000e98c8258}> (0x00000000e98c8258) 
thrown [t:\workspace\open\src\hotspot\share\prims\jni.cpp, line 579]
Event: 26.416 Thread 0x0000026f6cd8dc00 Exception <a 'sun/nio/fs/WindowsException'{0x00000000ec22bfe0}> (0x00000000ec22bfe0) 
thrown [t:\workspace\open\src\hotspot\share\prims\jni.cpp, line 579]
Event: 26.416 Thread 0x0000026f6cd8dc00 Exception <a 'sun/nio/fs/WindowsException'{0x00000000ec22c618}> (0x00000000ec22c618) 
thrown [t:\workspace\open\src\hotspot\share\prims\jni.cpp, line 579]
Event: 26.417 Thread 0x0000026f6cd8dc00 Exception <a 'sun/nio/fs/WindowsException'{0x00000000ec22cc78}> (0x00000000ec22cc78) 
thrown [t:\workspace\open\src\hotspot\share\prims\jni.cpp, line 579]
Event: 26.460 Thread 0x0000026f6cd8dc00 Exception <a 'java/lang/NoSuchMethodError'{0x00000000ec179030}: 'void java.lang.invoke.DirectMethodHandle$Holder.invokeSpecial(java.lang.Object, java.lang.Object, int)'> (0x00000000ec179030) 
thrown [t:\workspace\open\src\hotspot\share\interpreter\linkResolver.cpp, line 790]
Event: 29.746 Thread 0x0000026f6cd8dc00 Exception <a 'sun/nio/fs/WindowsException'{0x00000000eddf1388}> (0x00000000eddf1388) 
thrown [t:\workspace\open\src\hotspot\share\prims\jni.cpp, line 579]
Event: 47.047 Thread 0x0000026f6cd8dc00 Implicit null exception at 0x0000026f615e406a to 0x0000026f615e40d0
Event: 56.499 Thread 0x0000026f6cd8d6b0 Exception <a 'java/lang/NoSuchMethodError'{0x00000000edde1f90}: 'java.lang.Object java.lang.invoke.DirectMethodHandle$Holder.invokeSpecial(java.lang.Object, java.lang.Object, int, int, int, int)'> (0x00000000edde1f90) 
thrown [t:\workspace\open\src\hotspot\share\interpreter\linkResolver.cpp, line 790]
Event: 56.499 Thread 0x0000026f6cd8d6b0 Exception <a 'java/lang/NoSuchMethodError'{0x00000000edde57a0}: 'java.lang.Object java.lang.invoke.Invokers$Holder.linkToTargetMethod(int, int, int, int, java.lang.Object)'> (0x00000000edde57a0) 
thrown [t:\workspace\open\src\hotspot\share\interpreter\linkResolver.cpp, line 790]

Events (20 events):
Event: 56.509 Thread 0x0000026f7a777010 Thread added: 0x0000026f7a777010
Event: 56.509 Thread 0x0000026f7a776ac0 Thread added: 0x0000026f7a776ac0
Event: 56.509 Thread 0x0000026f7a775ad0 Thread added: 0x0000026f7a775ad0
Event: 56.509 Thread 0x0000026f7a779a90 Thread added: 0x0000026f7a779a90
Event: 56.509 Thread 0x0000026f7a778000 Thread added: 0x0000026f7a778000
Event: 56.510 Thread 0x0000026f7a777010 Thread exited: 0x0000026f7a777010
Event: 56.510 loading class sun/font/SunFontManager$8$1
Event: 56.510 loading class sun/font/SunFontManager$8$1 done
Event: 56.512 Thread 0x0000026f7a779540 Thread exited: 0x0000026f7a779540
Event: 56.544 Executing  VM operation: Cleanup
Event: 56.578 Thread 0x0000026f6def0af0 Thread exited: 0x0000026f6def0af0
Event: 56.579 Thread 0x0000026f7a778000 Thread exited: 0x0000026f7a778000
Event: 56.579 Thread 0x0000026f7a775ad0 Thread exited: 0x0000026f7a775ad0
Event: 56.582 Thread 0x0000026f6d25c0a0 Thread exited: 0x0000026f6d25c0a0
Event: 56.611 Thread 0x0000026f7a776ac0 Thread exited: 0x0000026f7a776ac0
Event: 56.615 Thread 0x0000026f7a779a90 Thread exited: 0x0000026f7a779a90
Event: 56.617 loading class java/nio/channels/ClosedChannelException
Event: 56.617 loading class java/nio/channels/ClosedChannelException done
Event: 56.617 Thread 0x0000026f7a775030 Thread exited: 0x0000026f7a775030
Event: 56.623 Executing  VM operation: Cleanup done


Dynamic libraries:
0x00007ff78d220000 - 0x00007ff78d230000 	C:\Program Files\Java\jdk-16.0.2\bin\java.exe
0x00007ffbfe100000 - 0x00007ffbfe30e000 	C:\WINDOWS\SYSTEM32\ntdll.dll
0x00007ffbfda10000 - 0x00007ffbfdacd000 	C:\WINDOWS\System32\KERNEL32.DLL
0x00007ffbfb950000 - 0x00007ffbfbcd3000 	C:\WINDOWS\System32\KERNELBASE.dll
0x00007ffbf8610000 - 0x00007ffbf86a2000 	C:\WINDOWS\SYSTEM32\apphelp.dll
0x00007ffbfbce0000 - 0x00007ffbfbdf1000 	C:\WINDOWS\System32\ucrtbase.dll
0x00007ffbe83f0000 - 0x00007ffbe8409000 	C:\Program Files\Java\jdk-16.0.2\bin\VCRUNTIME140.dll
0x00007ffbe8260000 - 0x00007ffbe8278000 	C:\Program Files\Java\jdk-16.0.2\bin\jli.dll
0x00007ffbfdcc0000 - 0x00007ffbfdd6f000 	C:\WINDOWS\System32\ADVAPI32.dll
0x00007ffbfc730000 - 0x00007ffbfc7d4000 	C:\WINDOWS\System32\msvcrt.dll
0x00007ffbfd520000 - 0x00007ffbfd5bf000 	C:\WINDOWS\System32\sechost.dll
0x00007ffbfd5c0000 - 0x00007ffbfd6e0000 	C:\WINDOWS\System32\RPCRT4.dll
0x00007ffbfc170000 - 0x00007ffbfc31b000 	C:\WINDOWS\System32\USER32.dll
0x00007ffbfbf60000 - 0x00007ffbfbf86000 	C:\WINDOWS\System32\win32u.dll
0x00007ffbfd9c0000 - 0x00007ffbfd9e9000 	C:\WINDOWS\System32\GDI32.dll
0x00007ffbe52c0000 - 0x00007ffbe5561000 	C:\WINDOWS\WinSxS\amd64_microsoft.windows.common-controls_6595b64144ccf1df_6.0.22458.1000_none_269358132a0291f8\COMCTL32.dll
0x00007ffbfb660000 - 0x00007ffbfb777000 	C:\WINDOWS\System32\gdi32full.dll
0x00007ffbfb7f0000 - 0x00007ffbfb88b000 	C:\WINDOWS\System32\msvcp_win.dll
0x00007ffbeb190000 - 0x00007ffbeb19a000 	C:\WINDOWS\SYSTEM32\VERSION.dll
0x00007ffbfe020000 - 0x00007ffbfe051000 	C:\WINDOWS\System32\IMM32.DLL
0x00007ffbeace0000 - 0x00007ffbeacec000 	C:\Program Files\Java\jdk-16.0.2\bin\vcruntime140_1.dll
0x00007ffbdd870000 - 0x00007ffbdd901000 	C:\Program Files\Java\jdk-16.0.2\bin\msvcp140.dll
0x00007ffbb5840000 - 0x00007ffbb63eb000 	C:\Program Files\Java\jdk-16.0.2\bin\server\jvm.dll
0x00007ffbfc160000 - 0x00007ffbfc168000 	C:\WINDOWS\System32\PSAPI.DLL
0x00007ffbf8560000 - 0x00007ffbf8569000 	C:\WINDOWS\SYSTEM32\WSOCK32.dll
0x00007ffbe2fc0000 - 0x00007ffbe2ff3000 	C:\WINDOWS\SYSTEM32\WINMM.dll
0x00007ffbfdad0000 - 0x00007ffbfdb41000 	C:\WINDOWS\System32\WS2_32.dll
0x00007ffbfa7a0000 - 0x00007ffbfa7b8000 	C:\WINDOWS\SYSTEM32\kernel.appcore.dll
0x00007ffbe96f0000 - 0x00007ffbe96fa000 	C:\Program Files\Java\jdk-16.0.2\bin\jimage.dll
0x00007ffbf88b0000 - 0x00007ffbf8ad7000 	C:\WINDOWS\SYSTEM32\DBGHELP.DLL
0x00007ffbfc3b0000 - 0x00007ffbfc726000 	C:\WINDOWS\System32\combase.dll
0x00007ffbebe10000 - 0x00007ffbebe41000 	C:\WINDOWS\SYSTEM32\dbgcore.DLL
0x00007ffbfb5d0000 - 0x00007ffbfb651000 	C:\WINDOWS\System32\bcryptPrimitives.dll
0x00007ffbe3990000 - 0x00007ffbe39b5000 	C:\Program Files\Java\jdk-16.0.2\bin\java.dll
0x00007ffbfc7e0000 - 0x00007ffbfcf8a000 	C:\WINDOWS\System32\SHELL32.dll
0x00007ffbf9700000 - 0x00007ffbf9f5a000 	C:\WINDOWS\SYSTEM32\windows.storage.dll
0x00007ffbf9590000 - 0x00007ffbf96f8000 	C:\WINDOWS\SYSTEM32\wintypes.dll
0x00007ffbfbf90000 - 0x00007ffbfc07e000 	C:\WINDOWS\System32\SHCORE.dll
0x00007ffbfd960000 - 0x00007ffbfd9bb000 	C:\WINDOWS\System32\shlwapi.dll
0x00007ffbfb500000 - 0x00007ffbfb521000 	C:\WINDOWS\SYSTEM32\profapi.dll
0x00007ffbe3160000 - 0x00007ffbe3179000 	C:\Program Files\Java\jdk-16.0.2\bin\net.dll
0x00007ffbf2440000 - 0x00007ffbf254f000 	C:\WINDOWS\SYSTEM32\WINHTTP.dll
0x00007ffbfabe0000 - 0x00007ffbfac49000 	C:\WINDOWS\system32\mswsock.dll
0x00007ffbe3140000 - 0x00007ffbe3153000 	C:\Program Files\Java\jdk-16.0.2\bin\nio.dll
0x00007ffbe12a0000 - 0x00007ffbe12b8000 	C:\Program Files\Java\jdk-16.0.2\bin\zip.dll
0x0000026f51fd0000 - 0x0000026f51fd3000 	C:\Users\dabal\.openjfx\cache\16\api-ms-win-core-console-l1-1-0.dll
0x0000026f51fe0000 - 0x0000026f51fe3000 	C:\Users\dabal\.openjfx\cache\16\api-ms-win-core-console-l1-2-0.dll
0x0000026f51ff0000 - 0x0000026f51ff3000 	C:\Users\dabal\.openjfx\cache\16\api-ms-win-core-datetime-l1-1-0.dll
0x0000026f52000000 - 0x0000026f52003000 	C:\Users\dabal\.openjfx\cache\16\api-ms-win-core-debug-l1-1-0.dll
0x0000026f52010000 - 0x0000026f52013000 	C:\Users\dabal\.openjfx\cache\16\api-ms-win-core-errorhandling-l1-1-0.dll
0x0000026f52020000 - 0x0000026f52024000 	C:\Users\dabal\.openjfx\cache\16\api-ms-win-core-file-l1-1-0.dll
0x0000026f52030000 - 0x0000026f52033000 	C:\Users\dabal\.openjfx\cache\16\api-ms-win-core-file-l1-2-0.dll
0x0000026f52040000 - 0x0000026f52043000 	C:\Users\dabal\.openjfx\cache\16\api-ms-win-core-file-l2-1-0.dll
0x0000026f6c140000 - 0x0000026f6c143000 	C:\Users\dabal\.openjfx\cache\16\api-ms-win-core-handle-l1-1-0.dll
0x0000026f6c150000 - 0x0000026f6c153000 	C:\Users\dabal\.openjfx\cache\16\api-ms-win-core-heap-l1-1-0.dll
0x0000026f6c160000 - 0x0000026f6c163000 	C:\Users\dabal\.openjfx\cache\16\api-ms-win-core-interlocked-l1-1-0.dll
0x0000026f6c170000 - 0x0000026f6c173000 	C:\Users\dabal\.openjfx\cache\16\api-ms-win-core-libraryloader-l1-1-0.dll
0x0000026f6c180000 - 0x0000026f6c183000 	C:\Users\dabal\.openjfx\cache\16\api-ms-win-core-localization-l1-2-0.dll
0x0000026f6c190000 - 0x0000026f6c193000 	C:\Users\dabal\.openjfx\cache\16\api-ms-win-core-memory-l1-1-0.dll
0x0000026f6c1a0000 - 0x0000026f6c1a3000 	C:\Users\dabal\.openjfx\cache\16\api-ms-win-core-namedpipe-l1-1-0.dll
0x0000026f6c1b0000 - 0x0000026f6c1b3000 	C:\Users\dabal\.openjfx\cache\16\api-ms-win-core-processenvironment-l1-1-0.dll
0x0000026f6c1c0000 - 0x0000026f6c1c3000 	C:\Users\dabal\.openjfx\cache\16\api-ms-win-core-processthreads-l1-1-0.dll
0x0000026f6c1d0000 - 0x0000026f6c1d3000 	C:\Users\dabal\.openjfx\cache\16\api-ms-win-core-processthreads-l1-1-1.dll
0x0000026f6c1e0000 - 0x0000026f6c1e3000 	C:\Users\dabal\.openjfx\cache\16\api-ms-win-core-profile-l1-1-0.dll
0x0000026f6c1f0000 - 0x0000026f6c1f3000 	C:\Users\dabal\.openjfx\cache\16\api-ms-win-core-rtlsupport-l1-1-0.dll
0x0000026f6c200000 - 0x0000026f6c203000 	C:\Users\dabal\.openjfx\cache\16\api-ms-win-core-string-l1-1-0.dll
0x0000026f6c210000 - 0x0000026f6c213000 	C:\Users\dabal\.openjfx\cache\16\api-ms-win-core-synch-l1-1-0.dll
0x0000026f6c220000 - 0x0000026f6c223000 	C:\Users\dabal\.openjfx\cache\16\api-ms-win-core-synch-l1-2-0.dll
0x0000026f6c230000 - 0x0000026f6c233000 	C:\Users\dabal\.openjfx\cache\16\api-ms-win-core-sysinfo-l1-1-0.dll
0x0000026f6c240000 - 0x0000026f6c243000 	C:\Users\dabal\.openjfx\cache\16\api-ms-win-core-timezone-l1-1-0.dll
0x0000026f6c250000 - 0x0000026f6c253000 	C:\Users\dabal\.openjfx\cache\16\api-ms-win-core-util-l1-1-0.dll
0x0000026f6c260000 - 0x0000026f6c263000 	C:\Users\dabal\.openjfx\cache\16\api-ms-win-crt-conio-l1-1-0.dll
0x0000026f6c270000 - 0x0000026f6c274000 	C:\Users\dabal\.openjfx\cache\16\api-ms-win-crt-convert-l1-1-0.dll
0x0000026f6c280000 - 0x0000026f6c283000 	C:\Users\dabal\.openjfx\cache\16\api-ms-win-crt-environment-l1-1-0.dll
0x0000026f6c290000 - 0x0000026f6c293000 	C:\Users\dabal\.openjfx\cache\16\api-ms-win-crt-filesystem-l1-1-0.dll
0x0000026f6c2a0000 - 0x0000026f6c2a3000 	C:\Users\dabal\.openjfx\cache\16\api-ms-win-crt-heap-l1-1-0.dll
0x0000026f6c2b0000 - 0x0000026f6c2b3000 	C:\Users\dabal\.openjfx\cache\16\api-ms-win-crt-locale-l1-1-0.dll
0x0000026f6c2c0000 - 0x0000026f6c2c5000 	C:\Users\dabal\.openjfx\cache\16\api-ms-win-crt-math-l1-1-0.dll
0x0000026f6c2d0000 - 0x0000026f6c2d5000 	C:\Users\dabal\.openjfx\cache\16\api-ms-win-crt-multibyte-l1-1-0.dll
0x0000026f6c2e0000 - 0x0000026f6c2f0000 	C:\Users\dabal\.openjfx\cache\16\api-ms-win-crt-private-l1-1-0.dll
0x0000026f6c2f0000 - 0x0000026f6c2f3000 	C:\Users\dabal\.openjfx\cache\16\api-ms-win-crt-process-l1-1-0.dll
0x0000026f6c300000 - 0x0000026f6c304000 	C:\Users\dabal\.openjfx\cache\16\api-ms-win-crt-runtime-l1-1-0.dll
0x0000026f6c310000 - 0x0000026f6c314000 	C:\Users\dabal\.openjfx\cache\16\api-ms-win-crt-stdio-l1-1-0.dll
0x0000026f6c320000 - 0x0000026f6c324000 	C:\Users\dabal\.openjfx\cache\16\api-ms-win-crt-string-l1-1-0.dll
0x0000026f6c330000 - 0x0000026f6c333000 	C:\Users\dabal\.openjfx\cache\16\api-ms-win-crt-time-l1-1-0.dll
0x0000026f6c340000 - 0x0000026f6c343000 	C:\Users\dabal\.openjfx\cache\16\api-ms-win-crt-utility-l1-1-0.dll
0x00007ffbd9dc0000 - 0x00007ffbd9ebc000 	C:\Users\dabal\.openjfx\cache\16\ucrtbase.dll
0x00007ffbe1280000 - 0x00007ffbe1299000 	C:\Users\dabal\.openjfx\cache\16\vcruntime140.dll
0x00007ffbe84b0000 - 0x00007ffbe84bc000 	C:\Users\dabal\.openjfx\cache\16\vcruntime140_1.dll
0x00007ffbd9bd0000 - 0x00007ffbd9c61000 	C:\Users\dabal\.openjfx\cache\16\msvcp140.dll
0x00007ffbde630000 - 0x00007ffbde657000 	C:\Users\dabal\.openjfx\cache\16\prism_d3d.dll
0x00007ffbda750000 - 0x00007ffbda8f7000 	C:\WINDOWS\system32\d3d9.dll
0x00007ffbf9240000 - 0x00007ffbf926f000 	C:\WINDOWS\SYSTEM32\dwmapi.dll
0x00007ffbf90e0000 - 0x00007ffbf9118000 	C:\WINDOWS\SYSTEM32\dxcore.dll
0x00007ffbf9000000 - 0x00007ffbf90ab000 	C:\WINDOWS\system32\uxtheme.dll
0x00007ffbfd760000 - 0x00007ffbfd8f9000 	C:\WINDOWS\System32\ole32.dll
0x00007ffbfc080000 - 0x00007ffbfc157000 	C:\WINDOWS\System32\OLEAUT32.dll
0x00007ffbfb2f0000 - 0x00007ffbfb33d000 	C:\WINDOWS\SYSTEM32\cfgmgr32.dll
0x00007ffbef960000 - 0x00007ffbefb9f000 	C:\WINDOWS\System32\DriverStore\FileRepository\64kb8682.inf_amd64_170ccd25b9699b84\igdgmm64.dll
0x00007ffbf6cb0000 - 0x00007ffbf6cf4000 	C:\WINDOWS\SYSTEM32\directxdatabasehelper.dll
0x00007ffbde420000 - 0x00007ffbde462000 	C:\Users\dabal\.openjfx\cache\16\glass.dll
0x00007ffbfdb50000 - 0x00007ffbfdc3a000 	C:\WINDOWS\System32\COMDLG32.dll
0x00007ffbfd400000 - 0x00007ffbfd51b000 	C:\WINDOWS\System32\MSCTF.dll
0x00007ffbeccd0000 - 0x00007ffbef932000 	C:\WINDOWS\System32\DriverStore\FileRepository\64kb8682.inf_amd64_170ccd25b9699b84\igc64.dll
0x00007ffbfae30000 - 0x00007ffbfae48000 	C:\WINDOWS\SYSTEM32\CRYPTSP.dll
0x00007ffbfa700000 - 0x00007ffbfa735000 	C:\WINDOWS\system32\rsaenh.dll
0x00007ffbface0000 - 0x00007ffbfad09000 	C:\WINDOWS\SYSTEM32\USERENV.dll
0x00007ffbfafb0000 - 0x00007ffbfafd8000 	C:\WINDOWS\SYSTEM32\bcrypt.dll
0x00007ffbfae50000 - 0x00007ffbfae5c000 	C:\WINDOWS\SYSTEM32\CRYPTBASE.dll
0x00007ffbfa230000 - 0x00007ffbfa25d000 	C:\WINDOWS\SYSTEM32\IPHLPAPI.DLL
0x00007ffbfdd70000 - 0x00007ffbfdd79000 	C:\WINDOWS\System32\NSI.dll
0x00007ffbf5630000 - 0x00007ffbf5649000 	C:\WINDOWS\SYSTEM32\dhcpcsvc6.DLL
0x00007ffbf5610000 - 0x00007ffbf562e000 	C:\WINDOWS\SYSTEM32\dhcpcsvc.DLL
0x00007ffbfa260000 - 0x00007ffbfa353000 	C:\WINDOWS\SYSTEM32\DNSAPI.dll
0x00007ffbd1c50000 - 0x00007ffbd1dd0000 	C:\Program Files\Java\jdk-16.0.2\bin\awt.dll
0x00007ffbe6fc0000 - 0x00007ffbe70c2000 	C:\WINDOWS\system32\opengl32.dll
0x00007ffbeb7f0000 - 0x00007ffbeb81d000 	C:\WINDOWS\SYSTEM32\GLU32.dll
0x00007ffbe86c0000 - 0x00007ffbe86ce000 	C:\Program Files\Java\jdk-16.0.2\bin\sunmscapi.dll
0x00007ffbfbe00000 - 0x00007ffbfbf5c000 	C:\WINDOWS\System32\CRYPT32.dll
0x00007ffbfaf80000 - 0x00007ffbfafa9000 	C:\WINDOWS\SYSTEM32\ncrypt.dll
0x00007ffbfaf40000 - 0x00007ffbfaf77000 	C:\WINDOWS\SYSTEM32\NTASN1.dll
0x00007ffbdda10000 - 0x00007ffbdda52000 	C:\Users\dabal\AppData\Local\Temp\jna-1426584655\jna15286360113170438553.dll
0x00007ffbd8070000 - 0x00007ffbd810c000 	C:\Users\dabal\AppData\Local\Temp\jna-1426584655\jna11904965573817810777.dll
0x00007ffbe69d0000 - 0x00007ffbe69da000 	C:\Windows\System32\rasadhlp.dll
0x00007ffbf1240000 - 0x00007ffbf12c1000 	C:\WINDOWS\System32\fwpuclnt.dll
0x00007ffbe1040000 - 0x00007ffbe1054000 	C:\Users\dabal\.openjfx\cache\16\javafx_font.dll
0x00007ffbd5680000 - 0x00007ffbd58e7000 	C:\WINDOWS\SYSTEM32\dwrite.dll
0x00007ffbdb270000 - 0x00007ffbdb2f9000 	C:\Program Files\Java\jdk-16.0.2\bin\freetype.dll

dbghelp: loaded successfully - version: 4.0.5 - missing functions: none
symbol engine: initialized successfully - sym options: 0x614 - pdb path: .;C:\Program Files\Java\jdk-16.0.2\bin;C:\WINDOWS\SYSTEM32;C:\WINDOWS\WinSxS\amd64_microsoft.windows.common-controls_6595b64144ccf1df_6.0.22458.1000_none_269358132a0291f8;C:\Program Files\Java\jdk-16.0.2\bin\server;C:\Users\dabal\.openjfx\cache\16;C:\WINDOWS\System32\DriverStore\FileRepository\64kb8682.inf_amd64_170ccd25b9699b84;C:\Users\dabal\AppData\Local\Temp\jna-1426584655;C:\Users\dabal\AppData\Local\Temp\jogamp_0000\file_cache\jln6650115232802803432\jln2280743261202042003\natives\windows-amd64

VM Arguments:
jvm_args: -Dprism.allowhidpi=false -Dsun.awt.noerasebackground=true -Dsun.java2d.uiScale=1.0 --add-modules=javafx.controls,javafx.fxml,javafx.graphics,javafx.media,javafx.swing -Xverify:none --add-modules=javafx.media --add-modules=javafx.fxml --add-modules=javafx.swing --add-modules=javafx.graphics --add-exports=java.desktop/sun.awt=javafx.swing --add-exports=javafx.base/com.sun.javafx=ALL-UNNAMED --add-exports=javafx.base/com.sun.javafx.binding=ALL-UNNAMED --add-exports=javafx.base/com.sun.javafx.collections=ALL-UNNAMED --add-exports=javafx.base/com.sun.javafx.event=ALL-UNNAMED --add-exports=javafx.base/com.sun.javafx.logging=ALL-UNNAMED --add-exports=javafx.graphics/com.sun.javafx.application=ALL-UNNAMED --add-exports=javafx.graphics/com.sun.javafx.geom=ALL-UNNAMED --add-exports=javafx.graphics/com.sun.javafx.scene=ALL-UNNAMED --add-exports=javafx.graphics/com.sun.javafx.scene.layout=ALL-UNNAMED --add-exports=javafx.graphics/com.sun.javafx.scene.input=ALL-UNNAMED --add-exports=javafx.graphics/com.sun.javafx.scene.text=ALL-UNNAMED --add-exports=javafx.graphics/com.sun.javafx.scene.traversal=ALL-UNNAMED --add-exports=javafx.graphics/com.sun.javafx.stage=ALL-UNNAMED --add-exports=javafx.graphics/com.sun.javafx.tk=ALL-UNNAMED --add-exports=javafx.graphics/com.sun.javafx.util=ALL-UNNAMED --add-exports=javafx.controls/com.sun.javafx.scene.control=ALL-UNNAMED --add-exports=javafx.controls/com.sun.javafx.scene.control.behavior=ALL-UNNAMED --add-opens=javafx.graphics/javafx.css=ALL-UNNAMED --illegal-access=permit --module-path=C:\Users\dabal\.gradle\caches\modules-2\files-2.1\org.openjfx\javafx-media\16\6d776658906fc25051734bc6b03f214cc72c808e\javafx-media-16-win.jar;C:\Users\dabal\.gradle\caches\modules-2\files-2.1\org.openjfx\javafx-fxml\16\369f646fc29d2223cc98cfc3c059f2409b3e8fcb\javafx-fxml-16-win.jar;C:\Users\dabal\.gradle\caches\modules-2\files-2.1\org.openjfx\javafx-controls\16\65cdeae29c67d25932dcc66ca4f7d269923631ba\javafx-controls-16-win.jar;C:\Users\dabal\.gradle\caches\modules-2\files-2.1\org.openjfx\javafx-swing\16\a7fea813dbe22b235a6350f0ce419d72877236ae\javafx-swing-16-win.jar;C:\Users\dabal\.gradle\caches\modules-2\files-2.1\org.openjfx\javafx-graphics\16\cd18f8477818b40cfdbcfec7e2fc15f632f0a2f\javafx-graphics-16-win.jar;C:\Users\dabal\.gradle\caches\modules-2\files-2.1\org.openjfx\javafx-base\16\e0564fea3f27dd3a10fa62e5005612333fc244bc\javafx-base-16-win.jar -Xmx512m -Dfile.encoding=windows-1252 -Duser.country=US -Duser.language=en -Duser.variant -ea 
java_command: meteor.MeteorLiteClientLauncher
java_class_path (initial): C:\Users\dabal\IdeaProjects\MeteorLite\meteor-client\build\classes\java\main;C:\Users\dabal\IdeaProjects\MeteorLite\meteor-client\build\resources\main;C:\Users\dabal\IdeaProjects\MeteorLite\openosrs-injector\build\injected\injected-client.jar;C:\Users\dabal\.gradle\caches\modules-2\files-2.1\org.apache.logging.log4j\log4j-core\2.14.1\9141212b8507ab50a45525b545b39d224614528b\log4j-core-2.14.1.jar;C:\Users\dabal\.gradle\caches\modules-2\files-2.1\com.google.inject\guice\4.1.0\faf9ee8ac09eafd1128091426dd367a8c0085d55\guice-4.1.0-no_aop.jar;C:\Users\dabal\IdeaProjects\MeteorLite\runescape-api\build\libs\runescape-api-1.0-SNAPSHOT.jar;C:\Users\dabal\IdeaProjects\MeteorLite\http-api\build\libs\http-api-1.0-SNAPSHOT.jar;C:\Users\dabal\IdeaProjects\MeteorLite\runelite-api\build\libs\runelite-api-1.0-SNAPSHOT.jar;C:\Users\dabal\.gradle\caches\7.1.1\generated-gradle-jars\gradle-api-7.1.1.jar;C:\Users\dabal\.gradle\wrapper\dists\gradle-7.1.1-bin\f29rtwfnc96ub43tt7p47zsru\gradle-7.1.1\lib\groovy-3.0.7.jar;C:\Users\dabal\.gradle\wrapper\dists\gradle-7.1.1-bin\f29rtwfnc96ub43tt7p47zsru\gradle-7.1.1\lib\groovy-ant-3.0.7.jar;C:\Users\dabal\.gradle\wrapper\dists\gradle-7.1.1-bin\f29rtwfnc96ub43tt7p47zsru\gradle-7.1.1\lib\groovy-astbuilder-3.0.7.jar;C:\Users\dabal\.gradle\wrapper\dists\gradle-7.1.1-bin\f29rtwfnc96ub43tt7p47zsru\gradle-7.1.1\lib\groovy-console-3.0.7.jar;C:\Users\dabal\.gradle\wrapper\dists\gradle-7.1.1-bin\f29rtwfnc96ub43tt7p47zsru\gradle-7.1.1\lib\groovy-datetime-3.0.7.jar;C:\Users\dabal\.gradle\wrapper\dists\gradle-7.1.1-bin\f29rtwfnc96ub43tt7p47zsru\gradle-7.1.1\lib\groovy-dateutil-3.0.7.jar;C:\Users\dabal\.gradle\wrapper\dists\gradle-7.1.1-bin\f29rtwfnc96ub43tt7p47zsru\gradle-7.1.1\lib\groovy-groovydoc-3.0.7.jar;C:\Users\dabal\.gradle\wrapper\dists\gradle-7.1.1-bin\f29rtwfnc96ub43tt7p47zsru\gradle-7.1.1\lib\groovy-json-3.0.7.jar;C:\Users\dabal\.gradle\wrapper\dists\gradle-7.1.1-bin\f29rtwfnc96ub43tt7p47zsru\gradle-7.1.1\lib\groovy-nio-
Launcher Type: SUN_STANDARD

[Global flags]
     intx CICompilerCount                          = 3                                         {product} {ergonomic}
     uint ConcGCThreads                            = 1                                         {product} {ergonomic}
     uint G1ConcRefinementThreads                  = 4                                         {product} {ergonomic}
   size_t G1HeapRegionSize                         = 1048576                                   {product} {ergonomic}
    uintx GCDrainStackTargetSize                   = 64                                        {product} {ergonomic}
   size_t InitialHeapSize                          = 134217728                                 {product} {ergonomic}
   size_t MarkStackSize                            = 4194304                                   {product} {ergonomic}
   size_t MaxHeapSize                              = 536870912                                 {product} {command line}
   size_t MaxNewSize                               = 321912832                                 {product} {ergonomic}
   size_t MinHeapDeltaBytes                        = 1048576                                   {product} {ergonomic}
   size_t MinHeapSize                              = 8388608                                   {product} {ergonomic}
    uintx NonNMethodCodeHeapSize                   = 5832780                                {pd product} {ergonomic}
    uintx NonProfiledCodeHeapSize                  = 122912730                              {pd product} {ergonomic}
    uintx ProfiledCodeHeapSize                     = 122912730                              {pd product} {ergonomic}
    uintx ReservedCodeCacheSize                    = 251658240                              {pd product} {ergonomic}
     bool SegmentedCodeCache                       = true                                      {product} {ergonomic}
   size_t SoftMaxHeapSize                          = 536870912                              {manageable} {ergonomic}
     bool UseCompressedClassPointers               = true                           {product lp64_product} {ergonomic}
     bool UseCompressedOops                        = true                           {product lp64_product} {ergonomic}
     bool UseG1GC                                  = true                                      {product} {ergonomic}
     bool UseLargePagesIndividualAllocation        = false                                  {pd product} {ergonomic}

Logging:
Log output configuration:
 #0: stdout all=warning uptime,level,tags
 #1: stderr all=off uptime,level,tags

Environment Variables:
PATH=C:\Program Files (x86)\Razer\ChromaBroadcast\bin;C:\Program Files\Razer\ChromaBroadcast\bin;C:\Python38\Scripts\;C:\Python38\;C:\Python39\Scripts\;C:\Python39\;C:\WINDOWS\system32;C:\WINDOWS;C:\WINDOWS\System32\Wbem;C:\WINDOWS\System32\WindowsPowerShell\v1.0\;C:\WINDOWS\System32\OpenSSH\;C:\Program Files\nodejs\;C:\ProgramData\chocolatey\bin;C:\Program Files (x86)\Lua\5.1;C:\Program Files (x86)\Lua\5.1\clibs;C:\Program Files\Git\cmd;C:\Program Files\Java\jdk-16.0.2\bin;C:\Users\dabal\AppData\Local\Microsoft\WindowsApps;C:\Users\dabal\AppData\Roaming\npm;;%SystemRoot%\system32;%SystemRoot%;%SystemRoot%\System32\Wbem;%SYSTEMROOT%\System32\WindowsPowerShell\v1.0\;%SYSTEMROOT%\System32\OpenSSH\;C:\Users\dabal\AppData\Local\Microsoft\WindowsApps;C:\Users\dabal\AppData\Roaming\npm;C:\Program Files\Java\jdk-14.0.2\bin;
USERNAME=dabalon
OS=Windows_NT
PROCESSOR_IDENTIFIER=Intel64 Family 6 Model 142 Stepping 9, GenuineIntel



---------------  S Y S T E M  ---------------

OS:
 Windows 10 , 64 bit Build 22458 (10.0.22458.1000)
OS uptime: 5 days 17:24 hours

CPU: total 4 (initial active 4) (2 cores per cpu, 2 threads per core) family 6 model 142 stepping 9 microcode 0xe8, cx8, cmov, fxsr, ht, mmx, 3dnowpref, sse, sse2, sse3, ssse3, sse4.1, sse4.2, popcnt, lzcnt, tsc, tscinvbit, avx, avx2, aes, erms, clmul, bmi1, bmi2, rtm, adx, fma, vzeroupper, clflush, clflushopt

Memory: 4k page, system-wide physical 8109M (968M free)
TotalPageFile size 17538M (AvailPageFile size 5967M)
current process WorkingSet (physical memory assigned to process): 654M, peak: 734M
current process commit charge ("private bytes"): 609M, peak: 696M

vm_info: Java HotSpot(TM) 64-Bit Server VM (16.0.2+7-67) for windows-amd64 JRE (16.0.2+7-67), built on Jun  8 2021 23:24:19 by "mach5one" with MS VC++ 16.7 (VS2019)

END.
